2024-12-15 03:12:13,889 INFO o.s.b.StartupInfoLogger [restartedMain] Starting YipeeWebserverApplication using Java 17.0.2 with PID 66016 (U:\YipeeWebServer\target\classes started by Blakbro2k in U:\YipeeWebServer)
2024-12-15 03:12:13,894 INFO o.s.b.SpringApplication [restartedMain] No active profile set, falling back to 1 default profile: "default"
2024-12-15 03:12:13,978 INFO o.s.b.l.DeferredLog [restartedMain] Devtools property defaults active! Set 'spring.devtools.add-properties' to 'false' to disable
2024-12-15 03:12:13,978 INFO o.s.b.l.DeferredLog [restartedMain] For additional web related logging consider setting the 'logging.level.web' property to 'DEBUG'
2024-12-15 03:12:15,610 INFO o.s.d.r.c.RepositoryConfigurationDelegate [restartedMain] Multiple Spring Data modules found, entering strict repository configuration mode
2024-12-15 03:12:15,612 INFO o.s.d.r.c.RepositoryConfigurationDelegate [restartedMain] Bootstrapping Spring Data JPA repositories in DEFAULT mode.
2024-12-15 03:12:15,871 INFO o.s.d.r.c.RepositoryConfigurationDelegate [restartedMain] Finished Spring Data repository scanning in 250 ms. Found 4 JPA repository interfaces.
2024-12-15 03:12:17,979 INFO o.s.b.w.e.t.TomcatWebServer [restartedMain] Tomcat initialized with port 8080 (http)
2024-12-15 03:12:17,996 INFO o.a.j.l.DirectJDKLog [restartedMain] Initializing ProtocolHandler ["http-nio-8080"]
2024-12-15 03:12:18,015 INFO o.a.j.l.DirectJDKLog [restartedMain] Starting service [Tomcat]
2024-12-15 03:12:18,015 INFO o.a.j.l.DirectJDKLog [restartedMain] Starting Servlet engine: [Apache Tomcat/10.1.33]
2024-12-15 03:12:18,110 INFO o.a.j.l.DirectJDKLog [restartedMain] Initializing Spring embedded WebApplicationContext
2024-12-15 03:12:18,112 INFO o.s.b.w.s.c.ServletWebServerApplicationContext [restartedMain] Root WebApplicationContext: initialization completed in 4132 ms
2024-12-15 03:12:18,467 INFO c.z.h.HikariDataSource [restartedMain] HikariPool-1 - Starting...
2024-12-15 03:12:18,915 INFO c.z.h.p.HikariPool [restartedMain] HikariPool-1 - Added connection conn0: url=jdbc:h2:file:./testdb user=USER
2024-12-15 03:12:18,917 INFO c.z.h.HikariDataSource [restartedMain] HikariPool-1 - Start completed.
2024-12-15 03:12:18,928 INFO o.s.b.a.h.H2ConsoleAutoConfiguration [restartedMain] H2 console available at '/h2-console'. Database available at 'jdbc:h2:file:./testdb'
2024-12-15 03:12:19,735 WARN o.h.e.j.d.i.DialectFactoryImpl [restartedMain] HHH90000025: H2Dialect does not need to be specified explicitly using 'hibernate.dialect' (remove the property setting and it will be selected by default)
2024-12-15 03:12:20,042 WARN o.h.i.UUIDHexGenerator [restartedMain] HHH000409: Using org.hibernate.id.UUIDHexGenerator which does not generate IETF RFC 4122 compliant UUID values; consider using org.hibernate.id.UUIDGenerator instead
2024-12-15 03:12:22,883 WARN o.s.b.a.o.j.JpaBaseConfiguration$JpaWebConfiguration [restartedMain] spring.jpa.open-in-view is enabled by default. Therefore, database queries may be performed during view rendering. Explicitly configure spring.jpa.open-in-view to disable this warning
2024-12-15 03:12:22,959 INFO o.s.b.a.w.s.WelcomePageHandlerMapping [restartedMain] Adding welcome page template: index
2024-12-15 03:12:24,717 INFO o.s.b.d.a.OptionalLiveReloadServer [restartedMain] LiveReload server is running on port 35729
2024-12-15 03:12:24,739 INFO o.s.b.a.e.w.EndpointLinksResolver [restartedMain] Exposing 1 endpoint beneath base path '/actuator'
2024-12-15 03:12:24,850 INFO o.a.j.l.DirectJDKLog [restartedMain] Starting ProtocolHandler ["http-nio-8080"]
2024-12-15 03:12:24,892 INFO o.s.b.w.e.t.TomcatWebServer [restartedMain] Tomcat started on port 8080 (http) with context path '/'
2024-12-15 03:12:24,912 INFO o.s.b.StartupInfoLogger [restartedMain] Started YipeeWebserverApplication in 12.01 seconds (process running for 14.324)
2024-12-15 03:25:05,224 INFO c.z.h.HikariDataSource [SpringApplicationShutdownHook] HikariPool-1 - Shutdown initiated...
2024-12-15 03:25:05,231 INFO c.z.h.HikariDataSource [SpringApplicationShutdownHook] HikariPool-1 - Shutdown completed.
2024-12-15 03:25:12,510 INFO o.s.b.StartupInfoLogger [restartedMain] Starting YipeeWebserverApplication using Java 17.0.2 with PID 68468 (U:\YipeeWebServer\target\classes started by Blakbro2k in U:\YipeeWebServer)
2024-12-15 03:25:12,512 INFO o.s.b.SpringApplication [restartedMain] No active profile set, falling back to 1 default profile: "default"
2024-12-15 03:25:12,564 INFO o.s.b.l.DeferredLog [restartedMain] Devtools property defaults active! Set 'spring.devtools.add-properties' to 'false' to disable
2024-12-15 03:25:12,564 INFO o.s.b.l.DeferredLog [restartedMain] For additional web related logging consider setting the 'logging.level.web' property to 'DEBUG'
2024-12-15 03:25:13,939 INFO o.s.d.r.c.RepositoryConfigurationDelegate [restartedMain] Multiple Spring Data modules found, entering strict repository configuration mode
2024-12-15 03:25:13,940 INFO o.s.d.r.c.RepositoryConfigurationDelegate [restartedMain] Bootstrapping Spring Data JPA repositories in DEFAULT mode.
2024-12-15 03:25:14,154 INFO o.s.d.r.c.RepositoryConfigurationDelegate [restartedMain] Finished Spring Data repository scanning in 202 ms. Found 4 JPA repository interfaces.
2024-12-15 03:25:16,626 INFO o.s.b.w.e.t.TomcatWebServer [restartedMain] Tomcat initialized with port 8080 (http)
2024-12-15 03:25:16,639 INFO o.a.j.l.DirectJDKLog [restartedMain] Initializing ProtocolHandler ["http-nio-8080"]
2024-12-15 03:25:16,641 INFO o.a.j.l.DirectJDKLog [restartedMain] Starting service [Tomcat]
2024-12-15 03:25:16,647 INFO o.a.j.l.DirectJDKLog [restartedMain] Starting Servlet engine: [Apache Tomcat/10.1.33]
2024-12-15 03:25:16,736 INFO o.a.j.l.DirectJDKLog [restartedMain] Initializing Spring embedded WebApplicationContext
2024-12-15 03:25:16,738 INFO o.s.b.w.s.c.ServletWebServerApplicationContext [restartedMain] Root WebApplicationContext: initialization completed in 4172 ms
2024-12-15 03:25:16,999 INFO c.z.h.HikariDataSource [restartedMain] HikariPool-1 - Starting...
2024-12-15 03:25:17,306 INFO c.z.h.p.HikariPool [restartedMain] HikariPool-1 - Added connection conn0: url=jdbc:h2:file:./testdb user=USER
2024-12-15 03:25:17,308 INFO c.z.h.HikariDataSource [restartedMain] HikariPool-1 - Start completed.
2024-12-15 03:25:17,323 INFO o.s.b.a.h.H2ConsoleAutoConfiguration [restartedMain] H2 console available at '/h2-console'. Database available at 'jdbc:h2:file:./testdb'
2024-12-15 03:25:18,122 WARN o.h.e.j.d.i.DialectFactoryImpl [restartedMain] HHH90000025: H2Dialect does not need to be specified explicitly using 'hibernate.dialect' (remove the property setting and it will be selected by default)
2024-12-15 03:25:18,391 WARN o.h.i.UUIDHexGenerator [restartedMain] HHH000409: Using org.hibernate.id.UUIDHexGenerator which does not generate IETF RFC 4122 compliant UUID values; consider using org.hibernate.id.UUIDGenerator instead
2024-12-15 03:25:20,735 WARN o.s.b.a.o.j.JpaBaseConfiguration$JpaWebConfiguration [restartedMain] spring.jpa.open-in-view is enabled by default. Therefore, database queries may be performed during view rendering. Explicitly configure spring.jpa.open-in-view to disable this warning
2024-12-15 03:25:20,800 INFO o.s.b.a.w.s.WelcomePageHandlerMapping [restartedMain] Adding welcome page template: index
2024-12-15 03:25:22,403 INFO o.s.b.d.a.OptionalLiveReloadServer [restartedMain] LiveReload server is running on port 35729
2024-12-15 03:25:22,418 INFO o.s.b.a.e.w.EndpointLinksResolver [restartedMain] Exposing 1 endpoint beneath base path '/actuator'
2024-12-15 03:25:22,474 INFO o.a.j.l.DirectJDKLog [restartedMain] Starting ProtocolHandler ["http-nio-8080"]
2024-12-15 03:25:22,498 INFO o.s.b.w.e.t.TomcatWebServer [restartedMain] Tomcat started on port 8080 (http) with context path '/'
2024-12-15 03:25:22,516 INFO o.s.b.StartupInfoLogger [restartedMain] Started YipeeWebserverApplication in 10.573 seconds (process running for 11.299)
2024-12-15 03:42:59,347 INFO c.z.h.HikariDataSource [SpringApplicationShutdownHook] HikariPool-1 - Shutdown initiated...
2024-12-15 03:42:59,350 INFO c.z.h.HikariDataSource [SpringApplicationShutdownHook] HikariPool-1 - Shutdown completed.
