2025-02-04 18:51:19,151 INFO o.s.b.StartupInfoLogger [restartedMain] Starting YipeeWebserverApplication using Java 17.0.2 with PID 41128 (U:\YipeeWebServer\target\classes started by Blakbro2k in U:\YipeeWebServer)
2025-02-04 18:51:19,154 DEBUG o.s.b.StartupInfoLogger [restartedMain] Running with Spring Boot v3.3.6, Spring v6.1.15
2025-02-04 18:51:19,155 INFO o.s.b.SpringApplication [restartedMain] No active profile set, falling back to 1 default profile: "default"
2025-02-04 18:51:19,478 INFO o.s.b.l.DeferredLog [restartedMain] Devtools property defaults active! Set 'spring.devtools.add-properties' to 'false' to disable
2025-02-04 18:51:19,478 INFO o.s.b.l.DeferredLog [restartedMain] For additional web related logging consider setting the 'logging.level.web' property to 'DEBUG'
2025-02-04 18:51:22,689 INFO o.s.d.r.c.RepositoryConfigurationDelegate [restartedMain] Multiple Spring Data modules found, entering strict repository configuration mode
2025-02-04 18:51:22,689 INFO o.s.d.r.c.RepositoryConfigurationDelegate [restartedMain] Bootstrapping Spring Data JPA repositories in DEFAULT mode.
2025-02-04 18:51:23,076 INFO o.s.d.r.c.RepositoryConfigurationDelegate [restartedMain] Finished Spring Data repository scanning in 378 ms. Found 5 JPA repository interfaces.
2025-02-04 18:51:32,316 INFO o.s.b.w.e.t.TomcatWebServer [restartedMain] Tomcat initialized with port 8080 (http)
2025-02-04 18:51:32,357 INFO o.a.j.l.DirectJDKLog [restartedMain] Initializing ProtocolHandler ["http-nio-8080"]
2025-02-04 18:51:32,369 INFO o.a.j.l.DirectJDKLog [restartedMain] Starting service [Tomcat]
2025-02-04 18:51:32,370 INFO o.a.j.l.DirectJDKLog [restartedMain] Starting Servlet engine: [Apache Tomcat/10.1.33]
2025-02-04 18:51:33,028 INFO o.a.j.l.DirectJDKLog [restartedMain] Initializing Spring embedded WebApplicationContext
2025-02-04 18:51:33,043 INFO o.s.b.w.s.c.ServletWebServerApplicationContext [restartedMain] Root WebApplicationContext: initialization completed in 13549 ms
2025-02-04 18:51:33,999 INFO c.z.h.HikariDataSource [restartedMain] HikariPool-1 - Starting...
2025-02-04 18:51:34,698 INFO c.z.h.p.HikariPool [restartedMain] HikariPool-1 - Added connection conn0: url=jdbc:h2:file:./testdb user=USER
2025-02-04 18:51:34,701 INFO c.z.h.HikariDataSource [restartedMain] HikariPool-1 - Start completed.
2025-02-04 18:51:34,832 INFO o.s.b.a.h.H2ConsoleAutoConfiguration [restartedMain] H2 console available at '/h2-console'. Database available at 'jdbc:h2:file:./testdb'
2025-02-04 18:51:37,616 WARN o.h.e.j.d.i.DialectFactoryImpl [restartedMain] HHH90000025: H2Dialect does not need to be specified explicitly using 'hibernate.dialect' (remove the property setting and it will be selected by default)
2025-02-04 18:51:38,121 WARN o.h.i.UUIDHexGenerator [restartedMain] HHH000409: Using org.hibernate.id.UUIDHexGenerator which does not generate IETF RFC 4122 compliant UUID values; consider using org.hibernate.id.UUIDGenerator instead
2025-02-04 18:51:41,360 TRACE a.g.s.y.c.TableConfig [restartedMain] start loadRooms()
2025-02-04 18:51:41,531 TRACE a.g.s.y.c.TableConfig [restartedMain] start createDatabaseLounges()
2025-02-04 18:51:41,531 TRACE a.g.s.y.s.i.YipeeGameJPAServiceImpl [restartedMain] Enter getObjectByName()=class asg.games.yipee.objects.YipeeRoom, Eiffel Tower
2025-02-04 18:51:41,531 TRACE a.g.s.y.s.i.YipeeGameJPAServiceImpl [restartedMain] repository()=$Proxy159
2025-02-04 18:51:41,944 TRACE a.g.s.y.s.i.YipeeGameJPAServiceImpl [restartedMain] exit getObjectByName()=Optional[YipeeRoom[e4c0e48694c577850194c5778b3f0000,Eiffel Tower]]
2025-02-04 18:51:41,945 TRACE a.g.s.y.s.i.YipeeGameJPAServiceImpl [restartedMain] Enter getObjectByName()=class asg.games.yipee.objects.YipeeRoom, Leaning Tower of Pisa
2025-02-04 18:51:41,945 TRACE a.g.s.y.s.i.YipeeGameJPAServiceImpl [restartedMain] repository()=$Proxy159
2025-02-04 18:51:41,948 TRACE a.g.s.y.s.i.YipeeGameJPAServiceImpl [restartedMain] exit getObjectByName()=Optional[YipeeRoom[e4c0e48694c577850194c5778b750001,Leaning Tower of Pisa]]
2025-02-04 18:51:41,949 TRACE a.g.s.y.s.i.YipeeGameJPAServiceImpl [restartedMain] Enter getObjectByName()=class asg.games.yipee.objects.YipeeRoom, Sunshine 60 Tower
2025-02-04 18:51:41,949 TRACE a.g.s.y.s.i.YipeeGameJPAServiceImpl [restartedMain] repository()=$Proxy159
2025-02-04 18:51:41,953 TRACE a.g.s.y.s.i.YipeeGameJPAServiceImpl [restartedMain] exit getObjectByName()=Optional[YipeeRoom[e4c0e48694c577850194c5778b7d0002,Sunshine 60 Tower]]
2025-02-04 18:51:41,954 TRACE a.g.s.y.s.i.YipeeGameJPAServiceImpl [restartedMain] Enter getObjectByName()=class asg.games.yipee.objects.YipeeRoom, Chang Tower
2025-02-04 18:51:41,954 TRACE a.g.s.y.s.i.YipeeGameJPAServiceImpl [restartedMain] repository()=$Proxy159
2025-02-04 18:51:41,956 TRACE a.g.s.y.s.i.YipeeGameJPAServiceImpl [restartedMain] exit getObjectByName()=Optional[YipeeRoom[e4c0e48694c577850194c5778b850003,Chang Tower]]
2025-02-04 18:51:41,956 TRACE a.g.s.y.s.i.YipeeGameJPAServiceImpl [restartedMain] Enter getObjectByName()=class asg.games.yipee.objects.YipeeRoom, Empire State Building
2025-02-04 18:51:41,956 TRACE a.g.s.y.s.i.YipeeGameJPAServiceImpl [restartedMain] repository()=$Proxy159
2025-02-04 18:51:41,958 TRACE a.g.s.y.s.i.YipeeGameJPAServiceImpl [restartedMain] exit getObjectByName()=Optional[YipeeRoom[e4c0e48694c577850194c5778b8c0004,Empire State Building]]
2025-02-04 18:51:41,958 TRACE a.g.s.y.c.TableConfig [restartedMain] exit createDatabaseLounges()
2025-02-04 18:51:41,958 TRACE a.g.s.y.c.TableConfig [restartedMain] exit loadRooms()=true
2025-02-04 18:51:42,124 WARN o.s.b.a.o.j.JpaBaseConfiguration$JpaWebConfiguration [restartedMain] spring.jpa.open-in-view is enabled by default. Therefore, database queries may be performed during view rendering. Explicitly configure spring.jpa.open-in-view to disable this warning
2025-02-04 18:51:42,466 INFO o.s.b.a.w.s.WelcomePageHandlerMapping [restartedMain] Adding welcome page template: index
2025-02-04 18:51:46,522 INFO o.s.b.d.a.OptionalLiveReloadServer [restartedMain] LiveReload server is running on port 35729
2025-02-04 18:51:46,546 INFO o.s.b.a.e.w.EndpointLinksResolver [restartedMain] Exposing 1 endpoint beneath base path '/actuator'
2025-02-04 18:51:46,868 INFO o.a.j.l.DirectJDKLog [restartedMain] Starting ProtocolHandler ["http-nio-8080"]
2025-02-04 18:51:46,933 INFO o.s.b.w.e.t.TomcatWebServer [restartedMain] Tomcat started on port 8080 (http) with context path '/'
2025-02-04 18:51:46,995 INFO o.s.b.StartupInfoLogger [restartedMain] Started YipeeWebserverApplication in 29.157 seconds (process running for 30.758)
2025-02-04 18:51:47,325 INFO a.g.s.y.c.YipeeServerApplication [restartedMain] Setting up server to listen on the following ports: TCP[8081], UDP[55000], TICKRATE[30.0]
2025-02-04 18:51:47,326 DEBUG a.g.s.y.c.YipeeServerApplication [restartedMain] tick rate interval = 0.033333335.
2025-02-04 18:51:47,447 INFO a.g.s.y.c.YipeeServerApplication [HeadlessApplication] Starting server on tcp port [8081] and udp port [55000], with tick rate [30.0 ticks/sec]...
2025-02-04 21:01:18,388 INFO o.a.j.l.DirectJDKLog [http-nio-8080-exec-2] Initializing Spring DispatcherServlet 'dispatcherServlet'
2025-02-04 21:01:18,392 INFO o.s.w.s.FrameworkServlet [http-nio-8080-exec-2] Initializing Servlet 'dispatcherServlet'
2025-02-04 21:01:18,440 INFO o.s.w.s.FrameworkServlet [http-nio-8080-exec-2] Completed initialization in 47 ms
2025-02-04 21:14:52,152 INFO c.z.h.HikariDataSource [SpringApplicationShutdownHook] HikariPool-1 - Shutdown initiated...
2025-02-04 21:14:52,163 INFO c.z.h.HikariDataSource [SpringApplicationShutdownHook] HikariPool-1 - Shutdown completed.
