2025-02-03 01:34:06,707 INFO o.s.b.StartupInfoLogger [restartedMain] Starting YipeeWebserverApplication using Java 17.0.2 with PID 13272 (U:\YipeeWebServer\target\classes started by Blakbro2k in U:\YipeeWebServer)
2025-02-03 01:34:06,710 DEBUG o.s.b.StartupInfoLogger [restartedMain] Running with Spring Boot v3.3.6, Spring v6.1.15
2025-02-03 01:34:06,711 INFO o.s.b.SpringApplication [restartedMain] No active profile set, falling back to 1 default profile: "default"
2025-02-03 01:34:06,832 INFO o.s.b.l.DeferredLog [restartedMain] Devtools property defaults active! Set 'spring.devtools.add-properties' to 'false' to disable
2025-02-03 01:34:06,833 INFO o.s.b.l.DeferredLog [restartedMain] For additional web related logging consider setting the 'logging.level.web' property to 'DEBUG'
2025-02-03 01:34:08,769 INFO o.s.d.r.c.RepositoryConfigurationDelegate [restartedMain] Multiple Spring Data modules found, entering strict repository configuration mode
2025-02-03 01:34:08,770 INFO o.s.d.r.c.RepositoryConfigurationDelegate [restartedMain] Bootstrapping Spring Data JPA repositories in DEFAULT mode.
2025-02-03 01:34:08,944 INFO o.s.d.r.c.RepositoryConfigurationDelegate [restartedMain] Finished Spring Data repository scanning in 164 ms. Found 5 JPA repository interfaces.
2025-02-03 01:34:11,003 INFO o.s.b.w.e.t.TomcatWebServer [restartedMain] Tomcat initialized with port 8080 (http)
2025-02-03 01:34:11,015 INFO o.a.j.l.DirectJDKLog [restartedMain] Initializing ProtocolHandler ["http-nio-8080"]
2025-02-03 01:34:11,017 INFO o.a.j.l.DirectJDKLog [restartedMain] Starting service [Tomcat]
2025-02-03 01:34:11,018 INFO o.a.j.l.DirectJDKLog [restartedMain] Starting Servlet engine: [Apache Tomcat/10.1.33]
2025-02-03 01:34:11,121 INFO o.a.j.l.DirectJDKLog [restartedMain] Initializing Spring embedded WebApplicationContext
2025-02-03 01:34:11,123 INFO o.s.b.w.s.c.ServletWebServerApplicationContext [restartedMain] Root WebApplicationContext: initialization completed in 4287 ms
2025-02-03 01:34:11,327 INFO c.z.h.HikariDataSource [restartedMain] HikariPool-1 - Starting...
2025-02-03 01:34:11,636 INFO c.z.h.p.HikariPool [restartedMain] HikariPool-1 - Added connection conn0: url=jdbc:h2:file:./testdb user=USER
2025-02-03 01:34:11,637 INFO c.z.h.HikariDataSource [restartedMain] HikariPool-1 - Start completed.
2025-02-03 01:34:11,655 INFO o.s.b.a.h.H2ConsoleAutoConfiguration [restartedMain] H2 console available at '/h2-console'. Database available at 'jdbc:h2:file:./testdb'
2025-02-03 01:34:12,385 WARN o.h.e.j.d.i.DialectFactoryImpl [restartedMain] HHH90000025: H2Dialect does not need to be specified explicitly using 'hibernate.dialect' (remove the property setting and it will be selected by default)
2025-02-03 01:34:12,676 WARN o.h.i.UUIDHexGenerator [restartedMain] HHH000409: Using org.hibernate.id.UUIDHexGenerator which does not generate IETF RFC 4122 compliant UUID values; consider using org.hibernate.id.UUIDGenerator instead
2025-02-03 01:34:14,095 TRACE a.g.s.y.c.TableConfig [restartedMain] start loadRooms()
2025-02-03 01:34:14,202 TRACE a.g.s.y.c.TableConfig [restartedMain] start createDatabaseLounges()
2025-02-03 01:34:14,204 TRACE a.g.s.y.s.i.YipeeGameJPAServiceImpl [restartedMain] Enter getObjectByName()=class asg.games.yipee.objects.YipeeRoom, Eiffel Tower
2025-02-03 01:34:14,204 TRACE a.g.s.y.s.i.YipeeGameJPAServiceImpl [restartedMain] repository()=$Proxy159
2025-02-03 01:34:14,378 TRACE a.g.s.y.s.i.YipeeGameJPAServiceImpl [restartedMain] exit getObjectByName()=Optional[YipeeRoom[e4c0e48694c577850194c5778b3f0000,Eiffel Tower]]
2025-02-03 01:34:14,379 TRACE a.g.s.y.s.i.YipeeGameJPAServiceImpl [restartedMain] Enter getObjectByName()=class asg.games.yipee.objects.YipeeRoom, Leaning Tower of Pisa
2025-02-03 01:34:14,379 TRACE a.g.s.y.s.i.YipeeGameJPAServiceImpl [restartedMain] repository()=$Proxy159
2025-02-03 01:34:14,382 TRACE a.g.s.y.s.i.YipeeGameJPAServiceImpl [restartedMain] exit getObjectByName()=Optional[YipeeRoom[e4c0e48694c577850194c5778b750001,Leaning Tower of Pisa]]
2025-02-03 01:34:14,382 TRACE a.g.s.y.s.i.YipeeGameJPAServiceImpl [restartedMain] Enter getObjectByName()=class asg.games.yipee.objects.YipeeRoom, Sunshine 60 Tower
2025-02-03 01:34:14,382 TRACE a.g.s.y.s.i.YipeeGameJPAServiceImpl [restartedMain] repository()=$Proxy159
2025-02-03 01:34:14,385 TRACE a.g.s.y.s.i.YipeeGameJPAServiceImpl [restartedMain] exit getObjectByName()=Optional[YipeeRoom[e4c0e48694c577850194c5778b7d0002,Sunshine 60 Tower]]
2025-02-03 01:34:14,385 TRACE a.g.s.y.s.i.YipeeGameJPAServiceImpl [restartedMain] Enter getObjectByName()=class asg.games.yipee.objects.YipeeRoom, Chang Tower
2025-02-03 01:34:14,385 TRACE a.g.s.y.s.i.YipeeGameJPAServiceImpl [restartedMain] repository()=$Proxy159
2025-02-03 01:34:14,389 TRACE a.g.s.y.s.i.YipeeGameJPAServiceImpl [restartedMain] exit getObjectByName()=Optional[YipeeRoom[e4c0e48694c577850194c5778b850003,Chang Tower]]
2025-02-03 01:34:14,389 TRACE a.g.s.y.s.i.YipeeGameJPAServiceImpl [restartedMain] Enter getObjectByName()=class asg.games.yipee.objects.YipeeRoom, Empire State Building
2025-02-03 01:34:14,389 TRACE a.g.s.y.s.i.YipeeGameJPAServiceImpl [restartedMain] repository()=$Proxy159
2025-02-03 01:34:14,391 TRACE a.g.s.y.s.i.YipeeGameJPAServiceImpl [restartedMain] exit getObjectByName()=Optional[YipeeRoom[e4c0e48694c577850194c5778b8c0004,Empire State Building]]
2025-02-03 01:34:14,392 TRACE a.g.s.y.c.TableConfig [restartedMain] exit createDatabaseLounges()
2025-02-03 01:34:14,392 TRACE a.g.s.y.c.TableConfig [restartedMain] exit loadRooms()=true
2025-02-03 01:34:14,481 WARN o.s.b.a.o.j.JpaBaseConfiguration$JpaWebConfiguration [restartedMain] spring.jpa.open-in-view is enabled by default. Therefore, database queries may be performed during view rendering. Explicitly configure spring.jpa.open-in-view to disable this warning
2025-02-03 01:34:14,521 INFO o.s.b.a.w.s.WelcomePageHandlerMapping [restartedMain] Adding welcome page template: index
2025-02-03 01:34:16,078 INFO o.s.b.d.a.OptionalLiveReloadServer [restartedMain] LiveReload server is running on port 35729
2025-02-03 01:34:16,090 INFO o.s.b.a.e.w.EndpointLinksResolver [restartedMain] Exposing 1 endpoint beneath base path '/actuator'
2025-02-03 01:34:16,173 INFO o.a.j.l.DirectJDKLog [restartedMain] Starting ProtocolHandler ["http-nio-8080"]
2025-02-03 01:34:16,196 INFO o.s.b.w.e.t.TomcatWebServer [restartedMain] Tomcat started on port 8080 (http) with context path '/'
2025-02-03 01:34:16,226 INFO o.s.b.StartupInfoLogger [restartedMain] Started YipeeWebserverApplication in 10.285 seconds (process running for 11.629)
2025-02-03 01:34:16,429 INFO a.g.y.t.LogUtil [restartedMain] Setting up server to listen on the following ports: TCP[8081], UDP[55000], TICKRATE[30.0]
2025-02-03 01:34:16,429 INFO a.g.s.y.c.YipeeServerApplication [restartedMain] Setting up server to listen on the following ports: TCP[8081], UDP[55000], TICKRATE[30.0]
2025-02-03 01:34:16,429 DEBUG a.g.y.t.LogUtil [restartedMain] tick rate interval = 0.033333335.
2025-02-03 01:34:16,429 DEBUG a.g.s.y.c.YipeeServerApplication [restartedMain] tick rate interval = 0.033333335.
2025-02-03 01:34:16,472 INFO a.g.y.t.LogUtil [HeadlessApplication] Starting server on tcp port [8081] and udp port [55000], with tick rate [30.0 ticks/sec]...
2025-02-03 01:42:03,618 INFO c.z.h.HikariDataSource [SpringApplicationShutdownHook] HikariPool-1 - Shutdown initiated...
2025-02-03 01:42:03,621 INFO c.z.h.HikariDataSource [SpringApplicationShutdownHook] HikariPool-1 - Shutdown completed.
2025-02-03 01:42:16,877 INFO o.s.b.StartupInfoLogger [restartedMain] Starting YipeeWebserverApplication using Java 17.0.2 with PID 41072 (U:\YipeeWebServer\target\classes started by Blakbro2k in U:\YipeeWebServer)
2025-02-03 01:42:16,881 DEBUG o.s.b.StartupInfoLogger [restartedMain] Running with Spring Boot v3.3.6, Spring v6.1.15
2025-02-03 01:42:16,884 INFO o.s.b.SpringApplication [restartedMain] No active profile set, falling back to 1 default profile: "default"
2025-02-03 01:42:16,972 INFO o.s.b.l.DeferredLog [restartedMain] Devtools property defaults active! Set 'spring.devtools.add-properties' to 'false' to disable
2025-02-03 01:42:16,976 INFO o.s.b.l.DeferredLog [restartedMain] For additional web related logging consider setting the 'logging.level.web' property to 'DEBUG'
2025-02-03 01:42:18,009 INFO o.s.d.r.c.RepositoryConfigurationDelegate [restartedMain] Multiple Spring Data modules found, entering strict repository configuration mode
2025-02-03 01:42:18,009 INFO o.s.d.r.c.RepositoryConfigurationDelegate [restartedMain] Bootstrapping Spring Data JPA repositories in DEFAULT mode.
2025-02-03 01:42:18,143 INFO o.s.d.r.c.RepositoryConfigurationDelegate [restartedMain] Finished Spring Data repository scanning in 126 ms. Found 5 JPA repository interfaces.
2025-02-03 01:42:19,447 INFO o.s.b.w.e.t.TomcatWebServer [restartedMain] Tomcat initialized with port 8080 (http)
2025-02-03 01:42:19,461 INFO o.a.j.l.DirectJDKLog [restartedMain] Initializing ProtocolHandler ["http-nio-8080"]
2025-02-03 01:42:19,463 INFO o.a.j.l.DirectJDKLog [restartedMain] Starting service [Tomcat]
2025-02-03 01:42:19,464 INFO o.a.j.l.DirectJDKLog [restartedMain] Starting Servlet engine: [Apache Tomcat/10.1.33]
2025-02-03 01:42:19,542 INFO o.a.j.l.DirectJDKLog [restartedMain] Initializing Spring embedded WebApplicationContext
2025-02-03 01:42:19,543 INFO o.s.b.w.s.c.ServletWebServerApplicationContext [restartedMain] Root WebApplicationContext: initialization completed in 2564 ms
2025-02-03 01:42:19,737 INFO c.z.h.HikariDataSource [restartedMain] HikariPool-1 - Starting...
2025-02-03 01:42:19,965 INFO c.z.h.p.HikariPool [restartedMain] HikariPool-1 - Added connection conn0: url=jdbc:h2:file:./testdb user=USER
2025-02-03 01:42:19,967 INFO c.z.h.HikariDataSource [restartedMain] HikariPool-1 - Start completed.
2025-02-03 01:42:19,978 INFO o.s.b.a.h.H2ConsoleAutoConfiguration [restartedMain] H2 console available at '/h2-console'. Database available at 'jdbc:h2:file:./testdb'
2025-02-03 01:42:20,514 WARN o.h.e.j.d.i.DialectFactoryImpl [restartedMain] HHH90000025: H2Dialect does not need to be specified explicitly using 'hibernate.dialect' (remove the property setting and it will be selected by default)
2025-02-03 01:42:20,742 WARN o.h.i.UUIDHexGenerator [restartedMain] HHH000409: Using org.hibernate.id.UUIDHexGenerator which does not generate IETF RFC 4122 compliant UUID values; consider using org.hibernate.id.UUIDGenerator instead
2025-02-03 01:42:22,121 TRACE a.g.s.y.c.TableConfig [restartedMain] start loadRooms()
2025-02-03 01:42:22,215 TRACE a.g.s.y.c.TableConfig [restartedMain] start createDatabaseLounges()
2025-02-03 01:42:22,215 TRACE a.g.s.y.s.i.YipeeGameJPAServiceImpl [restartedMain] Enter getObjectByName()=class asg.games.yipee.objects.YipeeRoom, Eiffel Tower
2025-02-03 01:42:22,216 TRACE a.g.s.y.s.i.YipeeGameJPAServiceImpl [restartedMain] repository()=$Proxy159
2025-02-03 01:42:22,382 TRACE a.g.s.y.s.i.YipeeGameJPAServiceImpl [restartedMain] exit getObjectByName()=Optional[YipeeRoom[e4c0e48694c577850194c5778b3f0000,Eiffel Tower]]
2025-02-03 01:42:22,383 TRACE a.g.s.y.s.i.YipeeGameJPAServiceImpl [restartedMain] Enter getObjectByName()=class asg.games.yipee.objects.YipeeRoom, Leaning Tower of Pisa
2025-02-03 01:42:22,383 TRACE a.g.s.y.s.i.YipeeGameJPAServiceImpl [restartedMain] repository()=$Proxy159
2025-02-03 01:42:22,385 TRACE a.g.s.y.s.i.YipeeGameJPAServiceImpl [restartedMain] exit getObjectByName()=Optional[YipeeRoom[e4c0e48694c577850194c5778b750001,Leaning Tower of Pisa]]
2025-02-03 01:42:22,385 TRACE a.g.s.y.s.i.YipeeGameJPAServiceImpl [restartedMain] Enter getObjectByName()=class asg.games.yipee.objects.YipeeRoom, Sunshine 60 Tower
2025-02-03 01:42:22,385 TRACE a.g.s.y.s.i.YipeeGameJPAServiceImpl [restartedMain] repository()=$Proxy159
2025-02-03 01:42:22,387 TRACE a.g.s.y.s.i.YipeeGameJPAServiceImpl [restartedMain] exit getObjectByName()=Optional[YipeeRoom[e4c0e48694c577850194c5778b7d0002,Sunshine 60 Tower]]
2025-02-03 01:42:22,387 TRACE a.g.s.y.s.i.YipeeGameJPAServiceImpl [restartedMain] Enter getObjectByName()=class asg.games.yipee.objects.YipeeRoom, Chang Tower
2025-02-03 01:42:22,387 TRACE a.g.s.y.s.i.YipeeGameJPAServiceImpl [restartedMain] repository()=$Proxy159
2025-02-03 01:42:22,389 TRACE a.g.s.y.s.i.YipeeGameJPAServiceImpl [restartedMain] exit getObjectByName()=Optional[YipeeRoom[e4c0e48694c577850194c5778b850003,Chang Tower]]
2025-02-03 01:42:22,389 TRACE a.g.s.y.s.i.YipeeGameJPAServiceImpl [restartedMain] Enter getObjectByName()=class asg.games.yipee.objects.YipeeRoom, Empire State Building
2025-02-03 01:42:22,390 TRACE a.g.s.y.s.i.YipeeGameJPAServiceImpl [restartedMain] repository()=$Proxy159
2025-02-03 01:42:22,391 TRACE a.g.s.y.s.i.YipeeGameJPAServiceImpl [restartedMain] exit getObjectByName()=Optional[YipeeRoom[e4c0e48694c577850194c5778b8c0004,Empire State Building]]
2025-02-03 01:42:22,392 TRACE a.g.s.y.c.TableConfig [restartedMain] exit createDatabaseLounges()
2025-02-03 01:42:22,392 TRACE a.g.s.y.c.TableConfig [restartedMain] exit loadRooms()=true
2025-02-03 01:42:22,498 WARN o.s.b.a.o.j.JpaBaseConfiguration$JpaWebConfiguration [restartedMain] spring.jpa.open-in-view is enabled by default. Therefore, database queries may be performed during view rendering. Explicitly configure spring.jpa.open-in-view to disable this warning
2025-02-03 01:42:22,546 INFO o.s.b.a.w.s.WelcomePageHandlerMapping [restartedMain] Adding welcome page template: index
2025-02-03 01:42:23,834 INFO o.s.b.d.a.OptionalLiveReloadServer [restartedMain] LiveReload server is running on port 35729
2025-02-03 01:42:23,846 INFO o.s.b.a.e.w.EndpointLinksResolver [restartedMain] Exposing 1 endpoint beneath base path '/actuator'
2025-02-03 01:42:23,911 INFO o.a.j.l.DirectJDKLog [restartedMain] Starting ProtocolHandler ["http-nio-8080"]
2025-02-03 01:42:23,940 INFO o.s.b.w.e.t.TomcatWebServer [restartedMain] Tomcat started on port 8080 (http) with context path '/'
2025-02-03 01:42:23,956 INFO o.s.b.StartupInfoLogger [restartedMain] Started YipeeWebserverApplication in 7.609 seconds (process running for 8.132)
2025-02-03 01:42:24,054 INFO a.g.s.y.c.YipeeServerApplication [restartedMain] Setting up server to listen on the following ports: TCP[8081], UDP[55000], TICKRATE[30.0]
2025-02-03 01:42:24,054 DEBUG a.g.s.y.c.YipeeServerApplication [restartedMain] tick rate interval = 0.033333335.
2025-02-03 01:42:24,077 INFO a.g.s.y.c.YipeeServerApplication [HeadlessApplication] Starting server on tcp port [8081] and udp port [55000], with tick rate [30.0 ticks/sec]...
2025-02-03 01:44:53,727 INFO c.z.h.HikariDataSource [SpringApplicationShutdownHook] HikariPool-1 - Shutdown initiated...
2025-02-03 01:44:53,731 INFO c.z.h.HikariDataSource [SpringApplicationShutdownHook] HikariPool-1 - Shutdown completed.
2025-02-03 01:45:46,623 INFO o.s.b.StartupInfoLogger [restartedMain] Starting YipeeWebserverApplication using Java 17.0.2 with PID 37788 (U:\YipeeWebServer\target\classes started by Blakbro2k in U:\YipeeWebServer)
2025-02-03 01:45:46,624 DEBUG o.s.b.StartupInfoLogger [restartedMain] Running with Spring Boot v3.3.6, Spring v6.1.15
2025-02-03 01:45:46,626 INFO o.s.b.SpringApplication [restartedMain] No active profile set, falling back to 1 default profile: "default"
2025-02-03 01:45:46,702 INFO o.s.b.l.DeferredLog [restartedMain] Devtools property defaults active! Set 'spring.devtools.add-properties' to 'false' to disable
2025-02-03 01:45:46,703 INFO o.s.b.l.DeferredLog [restartedMain] For additional web related logging consider setting the 'logging.level.web' property to 'DEBUG'
2025-02-03 01:45:47,652 INFO o.s.d.r.c.RepositoryConfigurationDelegate [restartedMain] Multiple Spring Data modules found, entering strict repository configuration mode
2025-02-03 01:45:47,653 INFO o.s.d.r.c.RepositoryConfigurationDelegate [restartedMain] Bootstrapping Spring Data JPA repositories in DEFAULT mode.
2025-02-03 01:45:47,785 INFO o.s.d.r.c.RepositoryConfigurationDelegate [restartedMain] Finished Spring Data repository scanning in 124 ms. Found 5 JPA repository interfaces.
2025-02-03 01:45:49,069 INFO o.s.b.w.e.t.TomcatWebServer [restartedMain] Tomcat initialized with port 8080 (http)
2025-02-03 01:45:49,080 INFO o.a.j.l.DirectJDKLog [restartedMain] Initializing ProtocolHandler ["http-nio-8080"]
2025-02-03 01:45:49,084 INFO o.a.j.l.DirectJDKLog [restartedMain] Starting service [Tomcat]
2025-02-03 01:45:49,085 INFO o.a.j.l.DirectJDKLog [restartedMain] Starting Servlet engine: [Apache Tomcat/10.1.33]
2025-02-03 01:45:49,152 INFO o.a.j.l.DirectJDKLog [restartedMain] Initializing Spring embedded WebApplicationContext
2025-02-03 01:45:49,154 INFO o.s.b.w.s.c.ServletWebServerApplicationContext [restartedMain] Root WebApplicationContext: initialization completed in 2450 ms
2025-02-03 01:45:49,328 INFO c.z.h.HikariDataSource [restartedMain] HikariPool-1 - Starting...
2025-02-03 01:45:49,563 INFO c.z.h.p.HikariPool [restartedMain] HikariPool-1 - Added connection conn0: url=jdbc:h2:file:./testdb user=USER
2025-02-03 01:45:49,566 INFO c.z.h.HikariDataSource [restartedMain] HikariPool-1 - Start completed.
2025-02-03 01:45:49,576 INFO o.s.b.a.h.H2ConsoleAutoConfiguration [restartedMain] H2 console available at '/h2-console'. Database available at 'jdbc:h2:file:./testdb'
2025-02-03 01:45:50,155 WARN o.h.e.j.d.i.DialectFactoryImpl [restartedMain] HHH90000025: H2Dialect does not need to be specified explicitly using 'hibernate.dialect' (remove the property setting and it will be selected by default)
2025-02-03 01:45:50,397 WARN o.h.i.UUIDHexGenerator [restartedMain] HHH000409: Using org.hibernate.id.UUIDHexGenerator which does not generate IETF RFC 4122 compliant UUID values; consider using org.hibernate.id.UUIDGenerator instead
2025-02-03 01:45:52,100 TRACE a.g.s.y.c.TableConfig [restartedMain] start loadRooms()
2025-02-03 01:45:52,214 TRACE a.g.s.y.c.TableConfig [restartedMain] start createDatabaseLounges()
2025-02-03 01:45:52,214 TRACE a.g.s.y.s.i.YipeeGameJPAServiceImpl [restartedMain] Enter getObjectByName()=class asg.games.yipee.objects.YipeeRoom, Eiffel Tower
2025-02-03 01:45:52,215 TRACE a.g.s.y.s.i.YipeeGameJPAServiceImpl [restartedMain] repository()=$Proxy159
2025-02-03 01:45:52,572 TRACE a.g.s.y.s.i.YipeeGameJPAServiceImpl [restartedMain] exit getObjectByName()=Optional[YipeeRoom[e4c0e48694c577850194c5778b3f0000,Eiffel Tower]]
2025-02-03 01:45:52,573 TRACE a.g.s.y.s.i.YipeeGameJPAServiceImpl [restartedMain] Enter getObjectByName()=class asg.games.yipee.objects.YipeeRoom, Leaning Tower of Pisa
2025-02-03 01:45:52,573 TRACE a.g.s.y.s.i.YipeeGameJPAServiceImpl [restartedMain] repository()=$Proxy159
2025-02-03 01:45:52,576 TRACE a.g.s.y.s.i.YipeeGameJPAServiceImpl [restartedMain] exit getObjectByName()=Optional[YipeeRoom[e4c0e48694c577850194c5778b750001,Leaning Tower of Pisa]]
2025-02-03 01:45:52,576 TRACE a.g.s.y.s.i.YipeeGameJPAServiceImpl [restartedMain] Enter getObjectByName()=class asg.games.yipee.objects.YipeeRoom, Sunshine 60 Tower
2025-02-03 01:45:52,576 TRACE a.g.s.y.s.i.YipeeGameJPAServiceImpl [restartedMain] repository()=$Proxy159
2025-02-03 01:45:52,579 TRACE a.g.s.y.s.i.YipeeGameJPAServiceImpl [restartedMain] exit getObjectByName()=Optional[YipeeRoom[e4c0e48694c577850194c5778b7d0002,Sunshine 60 Tower]]
2025-02-03 01:45:52,580 TRACE a.g.s.y.s.i.YipeeGameJPAServiceImpl [restartedMain] Enter getObjectByName()=class asg.games.yipee.objects.YipeeRoom, Chang Tower
2025-02-03 01:45:52,580 TRACE a.g.s.y.s.i.YipeeGameJPAServiceImpl [restartedMain] repository()=$Proxy159
2025-02-03 01:45:52,582 TRACE a.g.s.y.s.i.YipeeGameJPAServiceImpl [restartedMain] exit getObjectByName()=Optional[YipeeRoom[e4c0e48694c577850194c5778b850003,Chang Tower]]
2025-02-03 01:45:52,582 TRACE a.g.s.y.s.i.YipeeGameJPAServiceImpl [restartedMain] Enter getObjectByName()=class asg.games.yipee.objects.YipeeRoom, Empire State Building
2025-02-03 01:45:52,582 TRACE a.g.s.y.s.i.YipeeGameJPAServiceImpl [restartedMain] repository()=$Proxy159
2025-02-03 01:45:52,584 TRACE a.g.s.y.s.i.YipeeGameJPAServiceImpl [restartedMain] exit getObjectByName()=Optional[YipeeRoom[e4c0e48694c577850194c5778b8c0004,Empire State Building]]
2025-02-03 01:45:52,585 TRACE a.g.s.y.c.TableConfig [restartedMain] exit createDatabaseLounges()
2025-02-03 01:45:52,585 TRACE a.g.s.y.c.TableConfig [restartedMain] exit loadRooms()=true
2025-02-03 01:45:52,677 WARN o.s.b.a.o.j.JpaBaseConfiguration$JpaWebConfiguration [restartedMain] spring.jpa.open-in-view is enabled by default. Therefore, database queries may be performed during view rendering. Explicitly configure spring.jpa.open-in-view to disable this warning
2025-02-03 01:45:52,723 INFO o.s.b.a.w.s.WelcomePageHandlerMapping [restartedMain] Adding welcome page template: index
2025-02-03 01:45:54,165 INFO o.s.b.d.a.OptionalLiveReloadServer [restartedMain] LiveReload server is running on port 35729
2025-02-03 01:45:54,179 INFO o.s.b.a.e.w.EndpointLinksResolver [restartedMain] Exposing 1 endpoint beneath base path '/actuator'
2025-02-03 01:45:54,237 INFO o.a.j.l.DirectJDKLog [restartedMain] Starting ProtocolHandler ["http-nio-8080"]
2025-02-03 01:45:54,257 INFO o.s.b.w.e.t.TomcatWebServer [restartedMain] Tomcat started on port 8080 (http) with context path '/'
2025-02-03 01:45:54,275 INFO o.s.b.StartupInfoLogger [restartedMain] Started YipeeWebserverApplication in 8.261 seconds (process running for 9.13)
2025-02-03 01:45:54,406 INFO a.g.s.y.c.YipeeServerApplication [restartedMain] Setting up server to listen on the following ports: TCP[8081], UDP[55000], TICKRATE[30.0]
2025-02-03 01:45:54,407 DEBUG a.g.s.y.c.YipeeServerApplication [restartedMain] tick rate interval = 0.033333335.
2025-02-03 01:45:54,451 INFO a.g.s.y.c.YipeeServerApplication [HeadlessApplication] Starting server on tcp port [8081] and udp port [55000], with tick rate [30.0 ticks/sec]...
2025-02-03 02:03:01,871 INFO c.z.h.HikariDataSource [SpringApplicationShutdownHook] HikariPool-1 - Shutdown initiated...
2025-02-03 02:03:01,875 INFO c.z.h.HikariDataSource [SpringApplicationShutdownHook] HikariPool-1 - Shutdown completed.
2025-02-03 02:03:14,670 INFO o.s.b.StartupInfoLogger [restartedMain] Starting YipeeWebserverApplication using Java 17.0.2 with PID 41368 (U:\YipeeWebServer\target\classes started by Blakbro2k in U:\YipeeWebServer)
2025-02-03 02:03:14,671 DEBUG o.s.b.StartupInfoLogger [restartedMain] Running with Spring Boot v3.3.6, Spring v6.1.15
2025-02-03 02:03:14,672 INFO o.s.b.SpringApplication [restartedMain] No active profile set, falling back to 1 default profile: "default"
2025-02-03 02:03:14,720 INFO o.s.b.l.DeferredLog [restartedMain] Devtools property defaults active! Set 'spring.devtools.add-properties' to 'false' to disable
2025-02-03 02:03:14,721 INFO o.s.b.l.DeferredLog [restartedMain] For additional web related logging consider setting the 'logging.level.web' property to 'DEBUG'
2025-02-03 02:03:16,010 INFO o.s.d.r.c.RepositoryConfigurationDelegate [restartedMain] Multiple Spring Data modules found, entering strict repository configuration mode
2025-02-03 02:03:16,011 INFO o.s.d.r.c.RepositoryConfigurationDelegate [restartedMain] Bootstrapping Spring Data JPA repositories in DEFAULT mode.
2025-02-03 02:03:16,193 INFO o.s.d.r.c.RepositoryConfigurationDelegate [restartedMain] Finished Spring Data repository scanning in 170 ms. Found 5 JPA repository interfaces.
2025-02-03 02:03:18,560 INFO o.s.b.w.e.t.TomcatWebServer [restartedMain] Tomcat initialized with port 8080 (http)
2025-02-03 02:03:18,574 INFO o.a.j.l.DirectJDKLog [restartedMain] Initializing ProtocolHandler ["http-nio-8080"]
2025-02-03 02:03:18,582 INFO o.a.j.l.DirectJDKLog [restartedMain] Starting service [Tomcat]
2025-02-03 02:03:18,582 INFO o.a.j.l.DirectJDKLog [restartedMain] Starting Servlet engine: [Apache Tomcat/10.1.33]
2025-02-03 02:03:18,705 INFO o.a.j.l.DirectJDKLog [restartedMain] Initializing Spring embedded WebApplicationContext
2025-02-03 02:03:18,706 INFO o.s.b.w.s.c.ServletWebServerApplicationContext [restartedMain] Root WebApplicationContext: initialization completed in 3984 ms
2025-02-03 02:03:19,050 INFO c.z.h.HikariDataSource [restartedMain] HikariPool-1 - Starting...
2025-02-03 02:03:19,370 INFO c.z.h.p.HikariPool [restartedMain] HikariPool-1 - Added connection conn0: url=jdbc:h2:file:./testdb user=USER
2025-02-03 02:03:19,371 INFO c.z.h.HikariDataSource [restartedMain] HikariPool-1 - Start completed.
2025-02-03 02:03:19,381 INFO o.s.b.a.h.H2ConsoleAutoConfiguration [restartedMain] H2 console available at '/h2-console'. Database available at 'jdbc:h2:file:./testdb'
2025-02-03 02:03:19,995 WARN o.h.e.j.d.i.DialectFactoryImpl [restartedMain] HHH90000025: H2Dialect does not need to be specified explicitly using 'hibernate.dialect' (remove the property setting and it will be selected by default)
2025-02-03 02:03:20,248 WARN o.h.i.UUIDHexGenerator [restartedMain] HHH000409: Using org.hibernate.id.UUIDHexGenerator which does not generate IETF RFC 4122 compliant UUID values; consider using org.hibernate.id.UUIDGenerator instead
2025-02-03 02:03:21,737 TRACE a.g.s.y.c.TableConfig [restartedMain] start loadRooms()
2025-02-03 02:03:21,877 TRACE a.g.s.y.c.TableConfig [restartedMain] start createDatabaseLounges()
2025-02-03 02:03:21,878 TRACE a.g.s.y.s.i.YipeeGameJPAServiceImpl [restartedMain] Enter getObjectByName()=class asg.games.yipee.objects.YipeeRoom, Eiffel Tower
2025-02-03 02:03:21,878 TRACE a.g.s.y.s.i.YipeeGameJPAServiceImpl [restartedMain] repository()=$Proxy159
2025-02-03 02:03:22,127 TRACE a.g.s.y.s.i.YipeeGameJPAServiceImpl [restartedMain] exit getObjectByName()=Optional[YipeeRoom[e4c0e48694c577850194c5778b3f0000,Eiffel Tower]]
2025-02-03 02:03:22,132 TRACE a.g.s.y.s.i.YipeeGameJPAServiceImpl [restartedMain] Enter getObjectByName()=class asg.games.yipee.objects.YipeeRoom, Leaning Tower of Pisa
2025-02-03 02:03:22,132 TRACE a.g.s.y.s.i.YipeeGameJPAServiceImpl [restartedMain] repository()=$Proxy159
2025-02-03 02:03:22,135 TRACE a.g.s.y.s.i.YipeeGameJPAServiceImpl [restartedMain] exit getObjectByName()=Optional[YipeeRoom[e4c0e48694c577850194c5778b750001,Leaning Tower of Pisa]]
2025-02-03 02:03:22,136 TRACE a.g.s.y.s.i.YipeeGameJPAServiceImpl [restartedMain] Enter getObjectByName()=class asg.games.yipee.objects.YipeeRoom, Sunshine 60 Tower
2025-02-03 02:03:22,136 TRACE a.g.s.y.s.i.YipeeGameJPAServiceImpl [restartedMain] repository()=$Proxy159
2025-02-03 02:03:22,138 TRACE a.g.s.y.s.i.YipeeGameJPAServiceImpl [restartedMain] exit getObjectByName()=Optional[YipeeRoom[e4c0e48694c577850194c5778b7d0002,Sunshine 60 Tower]]
2025-02-03 02:03:22,139 TRACE a.g.s.y.s.i.YipeeGameJPAServiceImpl [restartedMain] Enter getObjectByName()=class asg.games.yipee.objects.YipeeRoom, Chang Tower
2025-02-03 02:03:22,139 TRACE a.g.s.y.s.i.YipeeGameJPAServiceImpl [restartedMain] repository()=$Proxy159
2025-02-03 02:03:22,142 TRACE a.g.s.y.s.i.YipeeGameJPAServiceImpl [restartedMain] exit getObjectByName()=Optional[YipeeRoom[e4c0e48694c577850194c5778b850003,Chang Tower]]
2025-02-03 02:03:22,143 TRACE a.g.s.y.s.i.YipeeGameJPAServiceImpl [restartedMain] Enter getObjectByName()=class asg.games.yipee.objects.YipeeRoom, Empire State Building
2025-02-03 02:03:22,143 TRACE a.g.s.y.s.i.YipeeGameJPAServiceImpl [restartedMain] repository()=$Proxy159
2025-02-03 02:03:22,145 TRACE a.g.s.y.s.i.YipeeGameJPAServiceImpl [restartedMain] exit getObjectByName()=Optional[YipeeRoom[e4c0e48694c577850194c5778b8c0004,Empire State Building]]
2025-02-03 02:03:22,146 TRACE a.g.s.y.c.TableConfig [restartedMain] exit createDatabaseLounges()
2025-02-03 02:03:22,146 TRACE a.g.s.y.c.TableConfig [restartedMain] exit loadRooms()=true
2025-02-03 02:03:22,290 WARN o.s.b.a.o.j.JpaBaseConfiguration$JpaWebConfiguration [restartedMain] spring.jpa.open-in-view is enabled by default. Therefore, database queries may be performed during view rendering. Explicitly configure spring.jpa.open-in-view to disable this warning
2025-02-03 02:03:22,353 INFO o.s.b.a.w.s.WelcomePageHandlerMapping [restartedMain] Adding welcome page template: index
2025-02-03 02:03:25,038 INFO o.s.b.d.a.OptionalLiveReloadServer [restartedMain] LiveReload server is running on port 35729
2025-02-03 02:03:25,054 INFO o.s.b.a.e.w.EndpointLinksResolver [restartedMain] Exposing 1 endpoint beneath base path '/actuator'
2025-02-03 02:03:25,158 INFO o.a.j.l.DirectJDKLog [restartedMain] Starting ProtocolHandler ["http-nio-8080"]
2025-02-03 02:03:25,211 INFO o.s.b.w.e.t.TomcatWebServer [restartedMain] Tomcat started on port 8080 (http) with context path '/'
2025-02-03 02:03:25,288 INFO o.s.b.StartupInfoLogger [restartedMain] Started YipeeWebserverApplication in 11.274 seconds (process running for 12.004)
2025-02-03 02:03:25,460 INFO a.g.s.y.c.YipeeServerApplication [restartedMain] Setting up server to listen on the following ports: TCP[8081], UDP[55000], TICKRATE[30.0]
2025-02-03 02:03:25,461 DEBUG a.g.s.y.c.YipeeServerApplication [restartedMain] tick rate interval = 0.033333335.
2025-02-03 02:03:25,481 INFO a.g.s.y.c.YipeeServerApplication [HeadlessApplication] Starting server on tcp port [8081] and udp port [55000], with tick rate [30.0 ticks/sec]...
2025-02-03 02:34:25,711 INFO c.z.h.HikariDataSource [SpringApplicationShutdownHook] HikariPool-1 - Shutdown initiated...
2025-02-03 02:34:25,714 INFO c.z.h.HikariDataSource [SpringApplicationShutdownHook] HikariPool-1 - Shutdown completed.
2025-02-03 02:35:44,563 INFO o.s.b.StartupInfoLogger [restartedMain] Starting YipeeWebserverApplication using Java 17.0.2 with PID 34584 (U:\YipeeWebServer\target\classes started by Blakbro2k in U:\YipeeWebServer)
2025-02-03 02:35:44,565 DEBUG o.s.b.StartupInfoLogger [restartedMain] Running with Spring Boot v3.3.6, Spring v6.1.15
2025-02-03 02:35:44,567 INFO o.s.b.SpringApplication [restartedMain] No active profile set, falling back to 1 default profile: "default"
2025-02-03 02:35:44,619 INFO o.s.b.l.DeferredLog [restartedMain] Devtools property defaults active! Set 'spring.devtools.add-properties' to 'false' to disable
2025-02-03 02:35:44,620 INFO o.s.b.l.DeferredLog [restartedMain] For additional web related logging consider setting the 'logging.level.web' property to 'DEBUG'
2025-02-03 02:35:45,693 INFO o.s.d.r.c.RepositoryConfigurationDelegate [restartedMain] Multiple Spring Data modules found, entering strict repository configuration mode
2025-02-03 02:35:45,694 INFO o.s.d.r.c.RepositoryConfigurationDelegate [restartedMain] Bootstrapping Spring Data JPA repositories in DEFAULT mode.
2025-02-03 02:35:45,841 INFO o.s.d.r.c.RepositoryConfigurationDelegate [restartedMain] Finished Spring Data repository scanning in 140 ms. Found 5 JPA repository interfaces.
2025-02-03 02:35:47,592 INFO o.s.b.w.e.t.TomcatWebServer [restartedMain] Tomcat initialized with port 8080 (http)
2025-02-03 02:35:48,395 INFO o.a.j.l.DirectJDKLog [restartedMain] Initializing ProtocolHandler ["http-nio-8080"]
2025-02-03 02:35:48,399 INFO o.a.j.l.DirectJDKLog [restartedMain] Starting service [Tomcat]
2025-02-03 02:35:48,399 INFO o.a.j.l.DirectJDKLog [restartedMain] Starting Servlet engine: [Apache Tomcat/10.1.33]
2025-02-03 02:35:48,488 INFO o.a.j.l.DirectJDKLog [restartedMain] Initializing Spring embedded WebApplicationContext
2025-02-03 02:35:48,496 INFO o.s.b.w.s.c.ServletWebServerApplicationContext [restartedMain] Root WebApplicationContext: initialization completed in 3874 ms
2025-02-03 02:35:48,964 INFO c.z.h.HikariDataSource [restartedMain] HikariPool-1 - Starting...
2025-02-03 02:35:49,197 INFO c.z.h.p.HikariPool [restartedMain] HikariPool-1 - Added connection conn0: url=jdbc:h2:file:./testdb user=USER
2025-02-03 02:35:49,199 INFO c.z.h.HikariDataSource [restartedMain] HikariPool-1 - Start completed.
2025-02-03 02:35:49,210 INFO o.s.b.a.h.H2ConsoleAutoConfiguration [restartedMain] H2 console available at '/h2-console'. Database available at 'jdbc:h2:file:./testdb'
2025-02-03 02:35:49,805 WARN o.h.e.j.d.i.DialectFactoryImpl [restartedMain] HHH90000025: H2Dialect does not need to be specified explicitly using 'hibernate.dialect' (remove the property setting and it will be selected by default)
2025-02-03 02:35:50,096 WARN o.h.i.UUIDHexGenerator [restartedMain] HHH000409: Using org.hibernate.id.UUIDHexGenerator which does not generate IETF RFC 4122 compliant UUID values; consider using org.hibernate.id.UUIDGenerator instead
2025-02-03 02:35:51,574 TRACE a.g.s.y.c.TableConfig [restartedMain] start loadRooms()
2025-02-03 02:35:51,772 TRACE a.g.s.y.c.TableConfig [restartedMain] start createDatabaseLounges()
2025-02-03 02:35:51,773 TRACE a.g.s.y.s.i.YipeeGameJPAServiceImpl [restartedMain] Enter getObjectByName()=class asg.games.yipee.objects.YipeeRoom, Eiffel Tower
2025-02-03 02:35:51,773 TRACE a.g.s.y.s.i.YipeeGameJPAServiceImpl [restartedMain] repository()=$Proxy159
2025-02-03 02:35:52,045 TRACE a.g.s.y.s.i.YipeeGameJPAServiceImpl [restartedMain] exit getObjectByName()=Optional[YipeeRoom[e4c0e48694c577850194c5778b3f0000,Eiffel Tower]]
2025-02-03 02:35:52,046 TRACE a.g.s.y.s.i.YipeeGameJPAServiceImpl [restartedMain] Enter getObjectByName()=class asg.games.yipee.objects.YipeeRoom, Leaning Tower of Pisa
2025-02-03 02:35:52,046 TRACE a.g.s.y.s.i.YipeeGameJPAServiceImpl [restartedMain] repository()=$Proxy159
2025-02-03 02:35:52,054 TRACE a.g.s.y.s.i.YipeeGameJPAServiceImpl [restartedMain] exit getObjectByName()=Optional[YipeeRoom[e4c0e48694c577850194c5778b750001,Leaning Tower of Pisa]]
2025-02-03 02:35:52,055 TRACE a.g.s.y.s.i.YipeeGameJPAServiceImpl [restartedMain] Enter getObjectByName()=class asg.games.yipee.objects.YipeeRoom, Sunshine 60 Tower
2025-02-03 02:35:52,055 TRACE a.g.s.y.s.i.YipeeGameJPAServiceImpl [restartedMain] repository()=$Proxy159
2025-02-03 02:35:52,061 TRACE a.g.s.y.s.i.YipeeGameJPAServiceImpl [restartedMain] exit getObjectByName()=Optional[YipeeRoom[e4c0e48694c577850194c5778b7d0002,Sunshine 60 Tower]]
2025-02-03 02:35:52,061 TRACE a.g.s.y.s.i.YipeeGameJPAServiceImpl [restartedMain] Enter getObjectByName()=class asg.games.yipee.objects.YipeeRoom, Chang Tower
2025-02-03 02:35:52,061 TRACE a.g.s.y.s.i.YipeeGameJPAServiceImpl [restartedMain] repository()=$Proxy159
2025-02-03 02:35:52,064 TRACE a.g.s.y.s.i.YipeeGameJPAServiceImpl [restartedMain] exit getObjectByName()=Optional[YipeeRoom[e4c0e48694c577850194c5778b850003,Chang Tower]]
2025-02-03 02:35:52,065 TRACE a.g.s.y.s.i.YipeeGameJPAServiceImpl [restartedMain] Enter getObjectByName()=class asg.games.yipee.objects.YipeeRoom, Empire State Building
2025-02-03 02:35:52,065 TRACE a.g.s.y.s.i.YipeeGameJPAServiceImpl [restartedMain] repository()=$Proxy159
2025-02-03 02:35:52,067 TRACE a.g.s.y.s.i.YipeeGameJPAServiceImpl [restartedMain] exit getObjectByName()=Optional[YipeeRoom[e4c0e48694c577850194c5778b8c0004,Empire State Building]]
2025-02-03 02:35:52,068 TRACE a.g.s.y.c.TableConfig [restartedMain] exit createDatabaseLounges()
2025-02-03 02:35:52,068 TRACE a.g.s.y.c.TableConfig [restartedMain] exit loadRooms()=true
2025-02-03 02:35:52,293 WARN o.s.b.a.o.j.JpaBaseConfiguration$JpaWebConfiguration [restartedMain] spring.jpa.open-in-view is enabled by default. Therefore, database queries may be performed during view rendering. Explicitly configure spring.jpa.open-in-view to disable this warning
2025-02-03 02:35:52,375 INFO o.s.b.a.w.s.WelcomePageHandlerMapping [restartedMain] Adding welcome page template: index
2025-02-03 02:35:53,940 INFO o.s.b.d.a.OptionalLiveReloadServer [restartedMain] LiveReload server is running on port 35729
2025-02-03 02:35:53,950 INFO o.s.b.a.e.w.EndpointLinksResolver [restartedMain] Exposing 1 endpoint beneath base path '/actuator'
2025-02-03 02:35:54,035 INFO o.a.j.l.DirectJDKLog [restartedMain] Starting ProtocolHandler ["http-nio-8080"]
2025-02-03 02:35:54,064 INFO o.s.b.w.e.t.TomcatWebServer [restartedMain] Tomcat started on port 8080 (http) with context path '/'
2025-02-03 02:35:54,085 INFO o.s.b.StartupInfoLogger [restartedMain] Started YipeeWebserverApplication in 10.021 seconds (process running for 10.607)
2025-02-03 02:35:54,188 INFO a.g.s.y.c.YipeeServerApplication [restartedMain] Setting up server to listen on the following ports: TCP[8081], UDP[55000], TICKRATE[30.0]
2025-02-03 02:35:54,188 DEBUG a.g.s.y.c.YipeeServerApplication [restartedMain] tick rate interval = 0.033333335.
2025-02-03 02:35:54,208 INFO a.g.s.y.c.YipeeServerApplication [HeadlessApplication] Starting server on tcp port [8081] and udp port [55000], with tick rate [30.0 ticks/sec]...
2025-02-03 04:52:43,495 INFO c.z.h.HikariDataSource [SpringApplicationShutdownHook] HikariPool-1 - Shutdown initiated...
2025-02-03 04:52:43,555 INFO c.z.h.HikariDataSource [SpringApplicationShutdownHook] HikariPool-1 - Shutdown completed.
2025-02-03 04:52:59,593 INFO o.s.b.StartupInfoLogger [restartedMain] Starting YipeeWebserverApplication using Java 17.0.2 with PID 45328 (U:\YipeeWebServer\target\classes started by Blakbro2k in U:\YipeeWebServer)
2025-02-03 04:52:59,595 DEBUG o.s.b.StartupInfoLogger [restartedMain] Running with Spring Boot v3.3.6, Spring v6.1.15
2025-02-03 04:52:59,596 INFO o.s.b.SpringApplication [restartedMain] No active profile set, falling back to 1 default profile: "default"
2025-02-03 04:52:59,658 INFO o.s.b.l.DeferredLog [restartedMain] Devtools property defaults active! Set 'spring.devtools.add-properties' to 'false' to disable
2025-02-03 04:52:59,659 INFO o.s.b.l.DeferredLog [restartedMain] For additional web related logging consider setting the 'logging.level.web' property to 'DEBUG'
2025-02-03 04:53:00,824 INFO o.s.d.r.c.RepositoryConfigurationDelegate [restartedMain] Multiple Spring Data modules found, entering strict repository configuration mode
2025-02-03 04:53:00,824 INFO o.s.d.r.c.RepositoryConfigurationDelegate [restartedMain] Bootstrapping Spring Data JPA repositories in DEFAULT mode.
2025-02-03 04:53:00,953 INFO o.s.d.r.c.RepositoryConfigurationDelegate [restartedMain] Finished Spring Data repository scanning in 121 ms. Found 5 JPA repository interfaces.
2025-02-03 04:53:02,314 INFO o.s.b.w.e.t.TomcatWebServer [restartedMain] Tomcat initialized with port 8080 (http)
2025-02-03 04:53:02,332 INFO o.a.j.l.DirectJDKLog [restartedMain] Initializing ProtocolHandler ["http-nio-8080"]
2025-02-03 04:53:02,334 INFO o.a.j.l.DirectJDKLog [restartedMain] Starting service [Tomcat]
2025-02-03 04:53:02,335 INFO o.a.j.l.DirectJDKLog [restartedMain] Starting Servlet engine: [Apache Tomcat/10.1.33]
2025-02-03 04:53:02,405 INFO o.a.j.l.DirectJDKLog [restartedMain] Initializing Spring embedded WebApplicationContext
2025-02-03 04:53:02,406 INFO o.s.b.w.s.c.ServletWebServerApplicationContext [restartedMain] Root WebApplicationContext: initialization completed in 2745 ms
2025-02-03 04:53:02,550 INFO c.z.h.HikariDataSource [restartedMain] HikariPool-1 - Starting...
2025-02-03 04:53:02,834 INFO c.z.h.p.HikariPool [restartedMain] HikariPool-1 - Added connection conn0: url=jdbc:h2:file:./testdb user=USER
2025-02-03 04:53:02,836 INFO c.z.h.HikariDataSource [restartedMain] HikariPool-1 - Start completed.
2025-02-03 04:53:02,847 INFO o.s.b.a.h.H2ConsoleAutoConfiguration [restartedMain] H2 console available at '/h2-console'. Database available at 'jdbc:h2:file:./testdb'
2025-02-03 04:53:03,516 WARN o.h.e.j.d.i.DialectFactoryImpl [restartedMain] HHH90000025: H2Dialect does not need to be specified explicitly using 'hibernate.dialect' (remove the property setting and it will be selected by default)
2025-02-03 04:53:03,765 WARN o.h.i.UUIDHexGenerator [restartedMain] HHH000409: Using org.hibernate.id.UUIDHexGenerator which does not generate IETF RFC 4122 compliant UUID values; consider using org.hibernate.id.UUIDGenerator instead
2025-02-03 04:53:05,199 TRACE a.g.s.y.c.TableConfig [restartedMain] start loadRooms()
2025-02-03 04:53:05,302 TRACE a.g.s.y.c.TableConfig [restartedMain] start createDatabaseLounges()
2025-02-03 04:53:05,303 TRACE a.g.s.y.s.i.YipeeGameJPAServiceImpl [restartedMain] Enter getObjectByName()=class asg.games.yipee.objects.YipeeRoom, Eiffel Tower
2025-02-03 04:53:05,303 TRACE a.g.s.y.s.i.YipeeGameJPAServiceImpl [restartedMain] repository()=$Proxy159
2025-02-03 04:53:05,504 TRACE a.g.s.y.s.i.YipeeGameJPAServiceImpl [restartedMain] exit getObjectByName()=Optional[YipeeRoom[e4c0e48694c577850194c5778b3f0000,Eiffel Tower]]
2025-02-03 04:53:05,504 TRACE a.g.s.y.s.i.YipeeGameJPAServiceImpl [restartedMain] Enter getObjectByName()=class asg.games.yipee.objects.YipeeRoom, Leaning Tower of Pisa
2025-02-03 04:53:05,504 TRACE a.g.s.y.s.i.YipeeGameJPAServiceImpl [restartedMain] repository()=$Proxy159
2025-02-03 04:53:05,507 TRACE a.g.s.y.s.i.YipeeGameJPAServiceImpl [restartedMain] exit getObjectByName()=Optional[YipeeRoom[e4c0e48694c577850194c5778b750001,Leaning Tower of Pisa]]
2025-02-03 04:53:05,507 TRACE a.g.s.y.s.i.YipeeGameJPAServiceImpl [restartedMain] Enter getObjectByName()=class asg.games.yipee.objects.YipeeRoom, Sunshine 60 Tower
2025-02-03 04:53:05,507 TRACE a.g.s.y.s.i.YipeeGameJPAServiceImpl [restartedMain] repository()=$Proxy159
2025-02-03 04:53:05,509 TRACE a.g.s.y.s.i.YipeeGameJPAServiceImpl [restartedMain] exit getObjectByName()=Optional[YipeeRoom[e4c0e48694c577850194c5778b7d0002,Sunshine 60 Tower]]
2025-02-03 04:53:05,509 TRACE a.g.s.y.s.i.YipeeGameJPAServiceImpl [restartedMain] Enter getObjectByName()=class asg.games.yipee.objects.YipeeRoom, Chang Tower
2025-02-03 04:53:05,510 TRACE a.g.s.y.s.i.YipeeGameJPAServiceImpl [restartedMain] repository()=$Proxy159
2025-02-03 04:53:05,511 TRACE a.g.s.y.s.i.YipeeGameJPAServiceImpl [restartedMain] exit getObjectByName()=Optional[YipeeRoom[e4c0e48694c577850194c5778b850003,Chang Tower]]
2025-02-03 04:53:05,512 TRACE a.g.s.y.s.i.YipeeGameJPAServiceImpl [restartedMain] Enter getObjectByName()=class asg.games.yipee.objects.YipeeRoom, Empire State Building
2025-02-03 04:53:05,512 TRACE a.g.s.y.s.i.YipeeGameJPAServiceImpl [restartedMain] repository()=$Proxy159
2025-02-03 04:53:05,514 TRACE a.g.s.y.s.i.YipeeGameJPAServiceImpl [restartedMain] exit getObjectByName()=Optional[YipeeRoom[e4c0e48694c577850194c5778b8c0004,Empire State Building]]
2025-02-03 04:53:05,514 TRACE a.g.s.y.c.TableConfig [restartedMain] exit createDatabaseLounges()
2025-02-03 04:53:05,514 TRACE a.g.s.y.c.TableConfig [restartedMain] exit loadRooms()=true
2025-02-03 04:53:05,608 WARN o.s.b.a.o.j.JpaBaseConfiguration$JpaWebConfiguration [restartedMain] spring.jpa.open-in-view is enabled by default. Therefore, database queries may be performed during view rendering. Explicitly configure spring.jpa.open-in-view to disable this warning
2025-02-03 04:53:05,649 INFO o.s.b.a.w.s.WelcomePageHandlerMapping [restartedMain] Adding welcome page template: index
2025-02-03 04:53:06,806 INFO o.s.b.d.a.OptionalLiveReloadServer [restartedMain] LiveReload server is running on port 35729
2025-02-03 04:53:06,817 INFO o.s.b.a.e.w.EndpointLinksResolver [restartedMain] Exposing 1 endpoint beneath base path '/actuator'
2025-02-03 04:53:06,894 INFO o.a.j.l.DirectJDKLog [restartedMain] Starting ProtocolHandler ["http-nio-8080"]
2025-02-03 04:53:06,925 INFO o.s.b.w.e.t.TomcatWebServer [restartedMain] Tomcat started on port 8080 (http) with context path '/'
2025-02-03 04:53:06,941 INFO o.s.b.StartupInfoLogger [restartedMain] Started YipeeWebserverApplication in 8.149 seconds (process running for 9.04)
2025-02-03 04:53:07,064 INFO a.g.s.y.c.YipeeServerApplication [restartedMain] Setting up server to listen on the following ports: TCP[8081], UDP[55000], TICKRATE[30.0]
2025-02-03 04:53:07,064 DEBUG a.g.s.y.c.YipeeServerApplication [restartedMain] tick rate interval = 0.033333335.
2025-02-03 04:53:07,106 INFO a.g.s.y.c.YipeeServerApplication [HeadlessApplication] Starting server on tcp port [8081] and udp port [55000], with tick rate [30.0 ticks/sec]...
2025-02-03 09:46:55,979 INFO c.z.h.HikariDataSource [SpringApplicationShutdownHook] HikariPool-1 - Shutdown initiated...
2025-02-03 09:46:55,986 INFO c.z.h.HikariDataSource [SpringApplicationShutdownHook] HikariPool-1 - Shutdown completed.
2025-02-03 09:47:11,127 INFO o.s.b.StartupInfoLogger [restartedMain] Starting YipeeWebserverApplication using Java 17.0.2 with PID 39644 (U:\YipeeWebServer\target\classes started by Blakbro2k in U:\YipeeWebServer)
2025-02-03 09:47:11,130 DEBUG o.s.b.StartupInfoLogger [restartedMain] Running with Spring Boot v3.3.6, Spring v6.1.15
2025-02-03 09:47:11,131 INFO o.s.b.SpringApplication [restartedMain] No active profile set, falling back to 1 default profile: "default"
2025-02-03 09:47:11,231 INFO o.s.b.l.DeferredLog [restartedMain] Devtools property defaults active! Set 'spring.devtools.add-properties' to 'false' to disable
2025-02-03 09:47:11,231 INFO o.s.b.l.DeferredLog [restartedMain] For additional web related logging consider setting the 'logging.level.web' property to 'DEBUG'
2025-02-03 09:47:12,605 INFO o.s.d.r.c.RepositoryConfigurationDelegate [restartedMain] Multiple Spring Data modules found, entering strict repository configuration mode
2025-02-03 09:47:12,605 INFO o.s.d.r.c.RepositoryConfigurationDelegate [restartedMain] Bootstrapping Spring Data JPA repositories in DEFAULT mode.
2025-02-03 09:47:12,751 INFO o.s.d.r.c.RepositoryConfigurationDelegate [restartedMain] Finished Spring Data repository scanning in 136 ms. Found 5 JPA repository interfaces.
2025-02-03 09:47:14,493 INFO o.s.b.w.e.t.TomcatWebServer [restartedMain] Tomcat initialized with port 8080 (http)
2025-02-03 09:47:14,505 INFO o.a.j.l.DirectJDKLog [restartedMain] Initializing ProtocolHandler ["http-nio-8080"]
2025-02-03 09:47:14,507 INFO o.a.j.l.DirectJDKLog [restartedMain] Starting service [Tomcat]
2025-02-03 09:47:14,508 INFO o.a.j.l.DirectJDKLog [restartedMain] Starting Servlet engine: [Apache Tomcat/10.1.33]
2025-02-03 09:47:14,579 INFO o.a.j.l.DirectJDKLog [restartedMain] Initializing Spring embedded WebApplicationContext
2025-02-03 09:47:14,580 INFO o.s.b.w.s.c.ServletWebServerApplicationContext [restartedMain] Root WebApplicationContext: initialization completed in 3347 ms
2025-02-03 09:47:14,757 INFO c.z.h.HikariDataSource [restartedMain] HikariPool-1 - Starting...
2025-02-03 09:47:15,147 INFO c.z.h.p.HikariPool [restartedMain] HikariPool-1 - Added connection conn0: url=jdbc:h2:file:./testdb user=USER
2025-02-03 09:47:15,149 INFO c.z.h.HikariDataSource [restartedMain] HikariPool-1 - Start completed.
2025-02-03 09:47:15,161 INFO o.s.b.a.h.H2ConsoleAutoConfiguration [restartedMain] H2 console available at '/h2-console'. Database available at 'jdbc:h2:file:./testdb'
2025-02-03 09:47:15,829 WARN o.h.e.j.d.i.DialectFactoryImpl [restartedMain] HHH90000025: H2Dialect does not need to be specified explicitly using 'hibernate.dialect' (remove the property setting and it will be selected by default)
2025-02-03 09:47:16,118 WARN o.h.i.UUIDHexGenerator [restartedMain] HHH000409: Using org.hibernate.id.UUIDHexGenerator which does not generate IETF RFC 4122 compliant UUID values; consider using org.hibernate.id.UUIDGenerator instead
2025-02-03 09:47:17,891 TRACE a.g.s.y.c.TableConfig [restartedMain] start loadRooms()
2025-02-03 09:47:18,007 TRACE a.g.s.y.c.TableConfig [restartedMain] start createDatabaseLounges()
2025-02-03 09:47:18,007 TRACE a.g.s.y.s.i.YipeeGameJPAServiceImpl [restartedMain] Enter getObjectByName()=class asg.games.yipee.objects.YipeeRoom, Eiffel Tower
2025-02-03 09:47:18,008 TRACE a.g.s.y.s.i.YipeeGameJPAServiceImpl [restartedMain] repository()=$Proxy159
2025-02-03 09:47:18,277 TRACE a.g.s.y.s.i.YipeeGameJPAServiceImpl [restartedMain] exit getObjectByName()=Optional[YipeeRoom[e4c0e48694c577850194c5778b3f0000,Eiffel Tower]]
2025-02-03 09:47:18,278 TRACE a.g.s.y.s.i.YipeeGameJPAServiceImpl [restartedMain] Enter getObjectByName()=class asg.games.yipee.objects.YipeeRoom, Leaning Tower of Pisa
2025-02-03 09:47:18,278 TRACE a.g.s.y.s.i.YipeeGameJPAServiceImpl [restartedMain] repository()=$Proxy159
2025-02-03 09:47:18,281 TRACE a.g.s.y.s.i.YipeeGameJPAServiceImpl [restartedMain] exit getObjectByName()=Optional[YipeeRoom[e4c0e48694c577850194c5778b750001,Leaning Tower of Pisa]]
2025-02-03 09:47:18,281 TRACE a.g.s.y.s.i.YipeeGameJPAServiceImpl [restartedMain] Enter getObjectByName()=class asg.games.yipee.objects.YipeeRoom, Sunshine 60 Tower
2025-02-03 09:47:18,281 TRACE a.g.s.y.s.i.YipeeGameJPAServiceImpl [restartedMain] repository()=$Proxy159
2025-02-03 09:47:18,285 TRACE a.g.s.y.s.i.YipeeGameJPAServiceImpl [restartedMain] exit getObjectByName()=Optional[YipeeRoom[e4c0e48694c577850194c5778b7d0002,Sunshine 60 Tower]]
2025-02-03 09:47:18,285 TRACE a.g.s.y.s.i.YipeeGameJPAServiceImpl [restartedMain] Enter getObjectByName()=class asg.games.yipee.objects.YipeeRoom, Chang Tower
2025-02-03 09:47:18,286 TRACE a.g.s.y.s.i.YipeeGameJPAServiceImpl [restartedMain] repository()=$Proxy159
2025-02-03 09:47:18,289 TRACE a.g.s.y.s.i.YipeeGameJPAServiceImpl [restartedMain] exit getObjectByName()=Optional[YipeeRoom[e4c0e48694c577850194c5778b850003,Chang Tower]]
2025-02-03 09:47:18,289 TRACE a.g.s.y.s.i.YipeeGameJPAServiceImpl [restartedMain] Enter getObjectByName()=class asg.games.yipee.objects.YipeeRoom, Empire State Building
2025-02-03 09:47:18,290 TRACE a.g.s.y.s.i.YipeeGameJPAServiceImpl [restartedMain] repository()=$Proxy159
2025-02-03 09:47:18,292 TRACE a.g.s.y.s.i.YipeeGameJPAServiceImpl [restartedMain] exit getObjectByName()=Optional[YipeeRoom[e4c0e48694c577850194c5778b8c0004,Empire State Building]]
2025-02-03 09:47:18,293 TRACE a.g.s.y.c.TableConfig [restartedMain] exit createDatabaseLounges()
2025-02-03 09:47:18,293 TRACE a.g.s.y.c.TableConfig [restartedMain] exit loadRooms()=true
2025-02-03 09:47:18,406 WARN o.s.b.a.o.j.JpaBaseConfiguration$JpaWebConfiguration [restartedMain] spring.jpa.open-in-view is enabled by default. Therefore, database queries may be performed during view rendering. Explicitly configure spring.jpa.open-in-view to disable this warning
2025-02-03 09:47:18,481 INFO o.s.b.a.w.s.WelcomePageHandlerMapping [restartedMain] Adding welcome page template: index
2025-02-03 09:47:20,046 INFO o.s.b.d.a.OptionalLiveReloadServer [restartedMain] LiveReload server is running on port 35729
2025-02-03 09:47:20,059 INFO o.s.b.a.e.w.EndpointLinksResolver [restartedMain] Exposing 1 endpoint beneath base path '/actuator'
2025-02-03 09:47:20,127 INFO o.a.j.l.DirectJDKLog [restartedMain] Starting ProtocolHandler ["http-nio-8080"]
2025-02-03 09:47:20,152 INFO o.s.b.w.e.t.TomcatWebServer [restartedMain] Tomcat started on port 8080 (http) with context path '/'
2025-02-03 09:47:20,171 INFO o.s.b.StartupInfoLogger [restartedMain] Started YipeeWebserverApplication in 9.61 seconds (process running for 11.339)
2025-02-03 09:47:20,274 INFO a.g.s.y.c.YipeeServerApplication [restartedMain] Setting up server to listen on the following ports: TCP[8081], UDP[55000], TICKRATE[30.0]
2025-02-03 09:47:20,275 DEBUG a.g.s.y.c.YipeeServerApplication [restartedMain] tick rate interval = 0.033333335.
2025-02-03 09:47:20,311 INFO a.g.s.y.c.YipeeServerApplication [HeadlessApplication] Starting server on tcp port [8081] and udp port [55000], with tick rate [30.0 ticks/sec]...
2025-02-03 09:51:25,336 INFO c.z.h.HikariDataSource [SpringApplicationShutdownHook] HikariPool-1 - Shutdown initiated...
2025-02-03 09:51:25,343 INFO c.z.h.HikariDataSource [SpringApplicationShutdownHook] HikariPool-1 - Shutdown completed.
2025-02-03 09:51:43,600 INFO o.s.b.StartupInfoLogger [restartedMain] Starting YipeeWebserverApplication using Java 17.0.2 with PID 2464 (U:\YipeeWebServer\target\classes started by Blakbro2k in U:\YipeeWebServer)
2025-02-03 09:51:43,602 DEBUG o.s.b.StartupInfoLogger [restartedMain] Running with Spring Boot v3.3.6, Spring v6.1.15
2025-02-03 09:51:43,603 INFO o.s.b.SpringApplication [restartedMain] No active profile set, falling back to 1 default profile: "default"
2025-02-03 09:51:43,706 INFO o.s.b.l.DeferredLog [restartedMain] Devtools property defaults active! Set 'spring.devtools.add-properties' to 'false' to disable
2025-02-03 09:51:43,708 INFO o.s.b.l.DeferredLog [restartedMain] For additional web related logging consider setting the 'logging.level.web' property to 'DEBUG'
2025-02-03 09:51:44,937 INFO o.s.d.r.c.RepositoryConfigurationDelegate [restartedMain] Multiple Spring Data modules found, entering strict repository configuration mode
2025-02-03 09:51:44,937 INFO o.s.d.r.c.RepositoryConfigurationDelegate [restartedMain] Bootstrapping Spring Data JPA repositories in DEFAULT mode.
2025-02-03 09:51:45,095 INFO o.s.d.r.c.RepositoryConfigurationDelegate [restartedMain] Finished Spring Data repository scanning in 148 ms. Found 5 JPA repository interfaces.
2025-02-03 09:51:46,495 INFO o.s.b.w.e.t.TomcatWebServer [restartedMain] Tomcat initialized with port 8080 (http)
2025-02-03 09:51:46,508 INFO o.a.j.l.DirectJDKLog [restartedMain] Initializing ProtocolHandler ["http-nio-8080"]
2025-02-03 09:51:46,511 INFO o.a.j.l.DirectJDKLog [restartedMain] Starting service [Tomcat]
2025-02-03 09:51:46,511 INFO o.a.j.l.DirectJDKLog [restartedMain] Starting Servlet engine: [Apache Tomcat/10.1.33]
2025-02-03 09:51:46,596 INFO o.a.j.l.DirectJDKLog [restartedMain] Initializing Spring embedded WebApplicationContext
2025-02-03 09:51:46,604 INFO o.s.b.w.s.c.ServletWebServerApplicationContext [restartedMain] Root WebApplicationContext: initialization completed in 2886 ms
2025-02-03 09:51:46,809 INFO c.z.h.HikariDataSource [restartedMain] HikariPool-1 - Starting...
2025-02-03 09:51:47,066 INFO c.z.h.p.HikariPool [restartedMain] HikariPool-1 - Added connection conn0: url=jdbc:h2:file:./testdb user=USER
2025-02-03 09:51:47,067 INFO c.z.h.HikariDataSource [restartedMain] HikariPool-1 - Start completed.
2025-02-03 09:51:47,078 INFO o.s.b.a.h.H2ConsoleAutoConfiguration [restartedMain] H2 console available at '/h2-console'. Database available at 'jdbc:h2:file:./testdb'
2025-02-03 09:51:47,663 WARN o.h.e.j.d.i.DialectFactoryImpl [restartedMain] HHH90000025: H2Dialect does not need to be specified explicitly using 'hibernate.dialect' (remove the property setting and it will be selected by default)
2025-02-03 09:51:47,907 WARN o.h.i.UUIDHexGenerator [restartedMain] HHH000409: Using org.hibernate.id.UUIDHexGenerator which does not generate IETF RFC 4122 compliant UUID values; consider using org.hibernate.id.UUIDGenerator instead
2025-02-03 09:51:49,380 TRACE a.g.s.y.c.TableConfig [restartedMain] start loadRooms()
2025-02-03 09:51:49,472 TRACE a.g.s.y.c.TableConfig [restartedMain] start createDatabaseLounges()
2025-02-03 09:51:49,472 TRACE a.g.s.y.s.i.YipeeGameJPAServiceImpl [restartedMain] Enter getObjectByName()=class asg.games.yipee.objects.YipeeRoom, Eiffel Tower
2025-02-03 09:51:49,472 TRACE a.g.s.y.s.i.YipeeGameJPAServiceImpl [restartedMain] repository()=$Proxy159
2025-02-03 09:51:49,633 TRACE a.g.s.y.s.i.YipeeGameJPAServiceImpl [restartedMain] exit getObjectByName()=Optional[YipeeRoom[e4c0e48694c577850194c5778b3f0000,Eiffel Tower]]
2025-02-03 09:51:49,634 TRACE a.g.s.y.s.i.YipeeGameJPAServiceImpl [restartedMain] Enter getObjectByName()=class asg.games.yipee.objects.YipeeRoom, Leaning Tower of Pisa
2025-02-03 09:51:49,634 TRACE a.g.s.y.s.i.YipeeGameJPAServiceImpl [restartedMain] repository()=$Proxy159
2025-02-03 09:51:49,636 TRACE a.g.s.y.s.i.YipeeGameJPAServiceImpl [restartedMain] exit getObjectByName()=Optional[YipeeRoom[e4c0e48694c577850194c5778b750001,Leaning Tower of Pisa]]
2025-02-03 09:51:49,637 TRACE a.g.s.y.s.i.YipeeGameJPAServiceImpl [restartedMain] Enter getObjectByName()=class asg.games.yipee.objects.YipeeRoom, Sunshine 60 Tower
2025-02-03 09:51:49,637 TRACE a.g.s.y.s.i.YipeeGameJPAServiceImpl [restartedMain] repository()=$Proxy159
2025-02-03 09:51:49,639 TRACE a.g.s.y.s.i.YipeeGameJPAServiceImpl [restartedMain] exit getObjectByName()=Optional[YipeeRoom[e4c0e48694c577850194c5778b7d0002,Sunshine 60 Tower]]
2025-02-03 09:51:49,639 TRACE a.g.s.y.s.i.YipeeGameJPAServiceImpl [restartedMain] Enter getObjectByName()=class asg.games.yipee.objects.YipeeRoom, Chang Tower
2025-02-03 09:51:49,639 TRACE a.g.s.y.s.i.YipeeGameJPAServiceImpl [restartedMain] repository()=$Proxy159
2025-02-03 09:51:49,641 TRACE a.g.s.y.s.i.YipeeGameJPAServiceImpl [restartedMain] exit getObjectByName()=Optional[YipeeRoom[e4c0e48694c577850194c5778b850003,Chang Tower]]
2025-02-03 09:51:49,642 TRACE a.g.s.y.s.i.YipeeGameJPAServiceImpl [restartedMain] Enter getObjectByName()=class asg.games.yipee.objects.YipeeRoom, Empire State Building
2025-02-03 09:51:49,642 TRACE a.g.s.y.s.i.YipeeGameJPAServiceImpl [restartedMain] repository()=$Proxy159
2025-02-03 09:51:49,644 TRACE a.g.s.y.s.i.YipeeGameJPAServiceImpl [restartedMain] exit getObjectByName()=Optional[YipeeRoom[e4c0e48694c577850194c5778b8c0004,Empire State Building]]
2025-02-03 09:51:49,644 TRACE a.g.s.y.c.TableConfig [restartedMain] exit createDatabaseLounges()
2025-02-03 09:51:49,644 TRACE a.g.s.y.c.TableConfig [restartedMain] exit loadRooms()=true
2025-02-03 09:51:49,987 WARN o.s.b.a.o.j.JpaBaseConfiguration$JpaWebConfiguration [restartedMain] spring.jpa.open-in-view is enabled by default. Therefore, database queries may be performed during view rendering. Explicitly configure spring.jpa.open-in-view to disable this warning
2025-02-03 09:51:50,040 INFO o.s.b.a.w.s.WelcomePageHandlerMapping [restartedMain] Adding welcome page template: index
2025-02-03 09:51:51,434 INFO o.s.b.d.a.OptionalLiveReloadServer [restartedMain] LiveReload server is running on port 35729
2025-02-03 09:51:51,446 INFO o.s.b.a.e.w.EndpointLinksResolver [restartedMain] Exposing 1 endpoint beneath base path '/actuator'
2025-02-03 09:51:51,506 INFO o.a.j.l.DirectJDKLog [restartedMain] Starting ProtocolHandler ["http-nio-8080"]
2025-02-03 09:51:51,530 INFO o.s.b.w.e.t.TomcatWebServer [restartedMain] Tomcat started on port 8080 (http) with context path '/'
2025-02-03 09:51:51,549 INFO o.s.b.StartupInfoLogger [restartedMain] Started YipeeWebserverApplication in 8.454 seconds (process running for 9.012)
2025-02-03 09:51:51,642 INFO a.g.s.y.c.YipeeServerApplication [restartedMain] Setting up server to listen on the following ports: TCP[8081], UDP[55000], TICKRATE[30.0]
2025-02-03 09:51:51,642 DEBUG a.g.s.y.c.YipeeServerApplication [restartedMain] tick rate interval = 0.033333335.
2025-02-03 09:51:51,668 INFO a.g.s.y.c.YipeeServerApplication [HeadlessApplication] Starting server on tcp port [8081] and udp port [55000], with tick rate [30.0 ticks/sec]...
2025-02-03 09:55:41,103 INFO c.z.h.HikariDataSource [SpringApplicationShutdownHook] HikariPool-1 - Shutdown initiated...
2025-02-03 09:55:41,106 INFO c.z.h.HikariDataSource [SpringApplicationShutdownHook] HikariPool-1 - Shutdown completed.
2025-02-03 23:01:50,269 INFO o.s.b.StartupInfoLogger [restartedMain] Starting YipeeWebserverApplication using Java 17.0.2 with PID 43564 (U:\YipeeWebServer\target\classes started by Blakbro2k in U:\YipeeWebServer)
2025-02-03 23:01:50,281 DEBUG o.s.b.StartupInfoLogger [restartedMain] Running with Spring Boot v3.3.6, Spring v6.1.15
2025-02-03 23:01:50,282 INFO o.s.b.SpringApplication [restartedMain] No active profile set, falling back to 1 default profile: "default"
2025-02-03 23:01:50,344 INFO o.s.b.l.DeferredLog [restartedMain] Devtools property defaults active! Set 'spring.devtools.add-properties' to 'false' to disable
2025-02-03 23:01:50,344 INFO o.s.b.l.DeferredLog [restartedMain] For additional web related logging consider setting the 'logging.level.web' property to 'DEBUG'
2025-02-03 23:01:51,810 INFO o.s.d.r.c.RepositoryConfigurationDelegate [restartedMain] Multiple Spring Data modules found, entering strict repository configuration mode
2025-02-03 23:01:51,811 INFO o.s.d.r.c.RepositoryConfigurationDelegate [restartedMain] Bootstrapping Spring Data JPA repositories in DEFAULT mode.
2025-02-03 23:01:52,044 INFO o.s.d.r.c.RepositoryConfigurationDelegate [restartedMain] Finished Spring Data repository scanning in 223 ms. Found 5 JPA repository interfaces.
2025-02-03 23:01:53,808 INFO o.s.b.w.e.t.TomcatWebServer [restartedMain] Tomcat initialized with port 8080 (http)
2025-02-03 23:01:53,833 INFO o.a.j.l.DirectJDKLog [restartedMain] Initializing ProtocolHandler ["http-nio-8080"]
2025-02-03 23:01:53,835 INFO o.a.j.l.DirectJDKLog [restartedMain] Starting service [Tomcat]
2025-02-03 23:01:53,836 INFO o.a.j.l.DirectJDKLog [restartedMain] Starting Servlet engine: [Apache Tomcat/10.1.33]
2025-02-03 23:01:53,955 INFO o.a.j.l.DirectJDKLog [restartedMain] Initializing Spring embedded WebApplicationContext
2025-02-03 23:01:53,970 INFO o.s.b.w.s.c.ServletWebServerApplicationContext [restartedMain] Root WebApplicationContext: initialization completed in 3611 ms
2025-02-03 23:01:54,439 INFO c.z.h.HikariDataSource [restartedMain] HikariPool-1 - Starting...
2025-02-03 23:01:54,934 INFO c.z.h.p.HikariPool [restartedMain] HikariPool-1 - Added connection conn0: url=jdbc:h2:file:./testdb user=USER
2025-02-03 23:01:54,936 INFO c.z.h.HikariDataSource [restartedMain] HikariPool-1 - Start completed.
2025-02-03 23:01:54,953 INFO o.s.b.a.h.H2ConsoleAutoConfiguration [restartedMain] H2 console available at '/h2-console'. Database available at 'jdbc:h2:file:./testdb'
2025-02-03 23:01:56,291 WARN o.h.e.j.d.i.DialectFactoryImpl [restartedMain] HHH90000025: H2Dialect does not need to be specified explicitly using 'hibernate.dialect' (remove the property setting and it will be selected by default)
2025-02-03 23:01:56,645 WARN o.h.i.UUIDHexGenerator [restartedMain] HHH000409: Using org.hibernate.id.UUIDHexGenerator which does not generate IETF RFC 4122 compliant UUID values; consider using org.hibernate.id.UUIDGenerator instead
2025-02-03 23:01:58,402 TRACE a.g.s.y.c.TableConfig [restartedMain] start loadRooms()
2025-02-03 23:01:58,518 TRACE a.g.s.y.c.TableConfig [restartedMain] start createDatabaseLounges()
2025-02-03 23:01:58,518 TRACE a.g.s.y.s.i.YipeeGameJPAServiceImpl [restartedMain] Enter getObjectByName()=class asg.games.yipee.objects.YipeeRoom, Eiffel Tower
2025-02-03 23:01:58,519 TRACE a.g.s.y.s.i.YipeeGameJPAServiceImpl [restartedMain] repository()=$Proxy159
2025-02-03 23:01:58,805 TRACE a.g.s.y.s.i.YipeeGameJPAServiceImpl [restartedMain] exit getObjectByName()=Optional[YipeeRoom[e4c0e48694c577850194c5778b3f0000,Eiffel Tower]]
2025-02-03 23:01:58,806 TRACE a.g.s.y.s.i.YipeeGameJPAServiceImpl [restartedMain] Enter getObjectByName()=class asg.games.yipee.objects.YipeeRoom, Leaning Tower of Pisa
2025-02-03 23:01:58,806 TRACE a.g.s.y.s.i.YipeeGameJPAServiceImpl [restartedMain] repository()=$Proxy159
2025-02-03 23:01:58,808 TRACE a.g.s.y.s.i.YipeeGameJPAServiceImpl [restartedMain] exit getObjectByName()=Optional[YipeeRoom[e4c0e48694c577850194c5778b750001,Leaning Tower of Pisa]]
2025-02-03 23:01:58,809 TRACE a.g.s.y.s.i.YipeeGameJPAServiceImpl [restartedMain] Enter getObjectByName()=class asg.games.yipee.objects.YipeeRoom, Sunshine 60 Tower
2025-02-03 23:01:58,809 TRACE a.g.s.y.s.i.YipeeGameJPAServiceImpl [restartedMain] repository()=$Proxy159
2025-02-03 23:01:58,812 TRACE a.g.s.y.s.i.YipeeGameJPAServiceImpl [restartedMain] exit getObjectByName()=Optional[YipeeRoom[e4c0e48694c577850194c5778b7d0002,Sunshine 60 Tower]]
2025-02-03 23:01:58,812 TRACE a.g.s.y.s.i.YipeeGameJPAServiceImpl [restartedMain] Enter getObjectByName()=class asg.games.yipee.objects.YipeeRoom, Chang Tower
2025-02-03 23:01:58,812 TRACE a.g.s.y.s.i.YipeeGameJPAServiceImpl [restartedMain] repository()=$Proxy159
2025-02-03 23:01:58,816 TRACE a.g.s.y.s.i.YipeeGameJPAServiceImpl [restartedMain] exit getObjectByName()=Optional[YipeeRoom[e4c0e48694c577850194c5778b850003,Chang Tower]]
2025-02-03 23:01:58,817 TRACE a.g.s.y.s.i.YipeeGameJPAServiceImpl [restartedMain] Enter getObjectByName()=class asg.games.yipee.objects.YipeeRoom, Empire State Building
2025-02-03 23:01:58,817 TRACE a.g.s.y.s.i.YipeeGameJPAServiceImpl [restartedMain] repository()=$Proxy159
2025-02-03 23:01:58,821 TRACE a.g.s.y.s.i.YipeeGameJPAServiceImpl [restartedMain] exit getObjectByName()=Optional[YipeeRoom[e4c0e48694c577850194c5778b8c0004,Empire State Building]]
2025-02-03 23:01:58,821 TRACE a.g.s.y.c.TableConfig [restartedMain] exit createDatabaseLounges()
2025-02-03 23:01:58,822 TRACE a.g.s.y.c.TableConfig [restartedMain] exit loadRooms()=true
2025-02-03 23:01:58,957 WARN o.s.b.a.o.j.JpaBaseConfiguration$JpaWebConfiguration [restartedMain] spring.jpa.open-in-view is enabled by default. Therefore, database queries may be performed during view rendering. Explicitly configure spring.jpa.open-in-view to disable this warning
2025-02-03 23:01:59,011 INFO o.s.b.a.w.s.WelcomePageHandlerMapping [restartedMain] Adding welcome page template: index
2025-02-03 23:02:00,933 INFO o.s.b.d.a.OptionalLiveReloadServer [restartedMain] LiveReload server is running on port 35729
2025-02-03 23:02:00,945 INFO o.s.b.a.e.w.EndpointLinksResolver [restartedMain] Exposing 1 endpoint beneath base path '/actuator'
2025-02-03 23:02:01,207 INFO o.a.j.l.DirectJDKLog [restartedMain] Starting ProtocolHandler ["http-nio-8080"]
2025-02-03 23:02:01,287 INFO o.s.b.w.e.t.TomcatWebServer [restartedMain] Tomcat started on port 8080 (http) with context path '/'
2025-02-03 23:02:01,304 INFO o.s.b.StartupInfoLogger [restartedMain] Started YipeeWebserverApplication in 14.494 seconds (process running for 16.356)
2025-02-03 23:02:01,517 INFO a.g.s.y.c.YipeeServerApplication [restartedMain] Setting up server to listen on the following ports: TCP[8081], UDP[55000], TICKRATE[30.0]
2025-02-03 23:02:01,518 DEBUG a.g.s.y.c.YipeeServerApplication [restartedMain] tick rate interval = 0.033333335.
2025-02-03 23:02:01,563 INFO a.g.s.y.c.YipeeServerApplication [HeadlessApplication] Starting server on tcp port [8081] and udp port [55000], with tick rate [30.0 ticks/sec]...
2025-02-03 23:02:02,369 INFO o.a.j.l.DirectJDKLog [SpringApplicationShutdownHook] Stopping ProtocolHandler ["http-nio-8080"]
2025-02-03 23:02:02,608 INFO c.z.h.HikariDataSource [SpringApplicationShutdownHook] HikariPool-1 - Shutdown initiated...
2025-02-03 23:02:02,613 INFO c.z.h.HikariDataSource [SpringApplicationShutdownHook] HikariPool-1 - Shutdown completed.
2025-02-03 23:16:23,437 INFO o.s.b.StartupInfoLogger [restartedMain] Starting YipeeWebserverApplication using Java 17.0.2 with PID 62840 (U:\YipeeWebServer\target\classes started by Blakbro2k in U:\YipeeWebServer)
2025-02-03 23:16:23,439 DEBUG o.s.b.StartupInfoLogger [restartedMain] Running with Spring Boot v3.3.6, Spring v6.1.15
2025-02-03 23:16:23,440 INFO o.s.b.SpringApplication [restartedMain] No active profile set, falling back to 1 default profile: "default"
2025-02-03 23:16:23,496 INFO o.s.b.l.DeferredLog [restartedMain] Devtools property defaults active! Set 'spring.devtools.add-properties' to 'false' to disable
2025-02-03 23:16:23,496 INFO o.s.b.l.DeferredLog [restartedMain] For additional web related logging consider setting the 'logging.level.web' property to 'DEBUG'
2025-02-03 23:16:24,721 INFO o.s.d.r.c.RepositoryConfigurationDelegate [restartedMain] Multiple Spring Data modules found, entering strict repository configuration mode
2025-02-03 23:16:24,721 INFO o.s.d.r.c.RepositoryConfigurationDelegate [restartedMain] Bootstrapping Spring Data JPA repositories in DEFAULT mode.
2025-02-03 23:16:24,881 INFO o.s.d.r.c.RepositoryConfigurationDelegate [restartedMain] Finished Spring Data repository scanning in 150 ms. Found 5 JPA repository interfaces.
2025-02-03 23:16:27,258 INFO o.s.b.w.e.t.TomcatWebServer [restartedMain] Tomcat initialized with port 8080 (http)
2025-02-03 23:16:27,272 INFO o.a.j.l.DirectJDKLog [restartedMain] Initializing ProtocolHandler ["http-nio-8080"]
2025-02-03 23:16:27,275 INFO o.a.j.l.DirectJDKLog [restartedMain] Starting service [Tomcat]
2025-02-03 23:16:27,275 INFO o.a.j.l.DirectJDKLog [restartedMain] Starting Servlet engine: [Apache Tomcat/10.1.33]
2025-02-03 23:16:27,478 INFO o.a.j.l.DirectJDKLog [restartedMain] Initializing Spring embedded WebApplicationContext
2025-02-03 23:16:27,481 INFO o.s.b.w.s.c.ServletWebServerApplicationContext [restartedMain] Root WebApplicationContext: initialization completed in 3982 ms
2025-02-03 23:16:28,496 INFO c.z.h.HikariDataSource [restartedMain] HikariPool-1 - Starting...
2025-02-03 23:16:28,881 INFO c.z.h.p.HikariPool [restartedMain] HikariPool-1 - Added connection conn0: url=jdbc:h2:file:./testdb user=USER
2025-02-03 23:16:28,884 INFO c.z.h.HikariDataSource [restartedMain] HikariPool-1 - Start completed.
2025-02-03 23:16:28,907 INFO o.s.b.a.h.H2ConsoleAutoConfiguration [restartedMain] H2 console available at '/h2-console'. Database available at 'jdbc:h2:file:./testdb'
2025-02-03 23:16:30,666 WARN o.h.e.j.d.i.DialectFactoryImpl [restartedMain] HHH90000025: H2Dialect does not need to be specified explicitly using 'hibernate.dialect' (remove the property setting and it will be selected by default)
2025-02-03 23:16:31,054 WARN o.h.i.UUIDHexGenerator [restartedMain] HHH000409: Using org.hibernate.id.UUIDHexGenerator which does not generate IETF RFC 4122 compliant UUID values; consider using org.hibernate.id.UUIDGenerator instead
2025-02-03 23:16:33,689 TRACE a.g.s.y.c.TableConfig [restartedMain] start loadRooms()
2025-02-03 23:16:33,972 TRACE a.g.s.y.c.TableConfig [restartedMain] start createDatabaseLounges()
2025-02-03 23:16:33,973 TRACE a.g.s.y.s.i.YipeeGameJPAServiceImpl [restartedMain] Enter getObjectByName()=class asg.games.yipee.objects.YipeeRoom, Eiffel Tower
2025-02-03 23:16:33,973 TRACE a.g.s.y.s.i.YipeeGameJPAServiceImpl [restartedMain] repository()=$Proxy159
2025-02-03 23:16:34,231 TRACE a.g.s.y.s.i.YipeeGameJPAServiceImpl [restartedMain] exit getObjectByName()=Optional[YipeeRoom[e4c0e48694c577850194c5778b3f0000,Eiffel Tower]]
2025-02-03 23:16:34,233 TRACE a.g.s.y.s.i.YipeeGameJPAServiceImpl [restartedMain] Enter getObjectByName()=class asg.games.yipee.objects.YipeeRoom, Leaning Tower of Pisa
2025-02-03 23:16:34,234 TRACE a.g.s.y.s.i.YipeeGameJPAServiceImpl [restartedMain] repository()=$Proxy159
2025-02-03 23:16:34,241 TRACE a.g.s.y.s.i.YipeeGameJPAServiceImpl [restartedMain] exit getObjectByName()=Optional[YipeeRoom[e4c0e48694c577850194c5778b750001,Leaning Tower of Pisa]]
2025-02-03 23:16:34,242 TRACE a.g.s.y.s.i.YipeeGameJPAServiceImpl [restartedMain] Enter getObjectByName()=class asg.games.yipee.objects.YipeeRoom, Sunshine 60 Tower
2025-02-03 23:16:34,243 TRACE a.g.s.y.s.i.YipeeGameJPAServiceImpl [restartedMain] repository()=$Proxy159
2025-02-03 23:16:34,248 TRACE a.g.s.y.s.i.YipeeGameJPAServiceImpl [restartedMain] exit getObjectByName()=Optional[YipeeRoom[e4c0e48694c577850194c5778b7d0002,Sunshine 60 Tower]]
2025-02-03 23:16:34,249 TRACE a.g.s.y.s.i.YipeeGameJPAServiceImpl [restartedMain] Enter getObjectByName()=class asg.games.yipee.objects.YipeeRoom, Chang Tower
2025-02-03 23:16:34,250 TRACE a.g.s.y.s.i.YipeeGameJPAServiceImpl [restartedMain] repository()=$Proxy159
2025-02-03 23:16:34,252 TRACE a.g.s.y.s.i.YipeeGameJPAServiceImpl [restartedMain] exit getObjectByName()=Optional[YipeeRoom[e4c0e48694c577850194c5778b850003,Chang Tower]]
2025-02-03 23:16:34,252 TRACE a.g.s.y.s.i.YipeeGameJPAServiceImpl [restartedMain] Enter getObjectByName()=class asg.games.yipee.objects.YipeeRoom, Empire State Building
2025-02-03 23:16:34,252 TRACE a.g.s.y.s.i.YipeeGameJPAServiceImpl [restartedMain] repository()=$Proxy159
2025-02-03 23:16:34,255 TRACE a.g.s.y.s.i.YipeeGameJPAServiceImpl [restartedMain] exit getObjectByName()=Optional[YipeeRoom[e4c0e48694c577850194c5778b8c0004,Empire State Building]]
2025-02-03 23:16:34,257 TRACE a.g.s.y.c.TableConfig [restartedMain] exit createDatabaseLounges()
2025-02-03 23:16:34,257 TRACE a.g.s.y.c.TableConfig [restartedMain] exit loadRooms()=true
2025-02-03 23:16:34,397 WARN o.s.b.a.o.j.JpaBaseConfiguration$JpaWebConfiguration [restartedMain] spring.jpa.open-in-view is enabled by default. Therefore, database queries may be performed during view rendering. Explicitly configure spring.jpa.open-in-view to disable this warning
2025-02-03 23:16:34,470 INFO o.s.b.a.w.s.WelcomePageHandlerMapping [restartedMain] Adding welcome page template: index
2025-02-03 23:16:36,137 INFO o.s.b.d.a.OptionalLiveReloadServer [restartedMain] LiveReload server is running on port 35729
2025-02-03 23:16:36,152 INFO o.s.b.a.e.w.EndpointLinksResolver [restartedMain] Exposing 1 endpoint beneath base path '/actuator'
2025-02-03 23:16:36,226 INFO o.a.j.l.DirectJDKLog [restartedMain] Starting ProtocolHandler ["http-nio-8080"]
2025-02-03 23:16:36,268 INFO o.s.b.w.e.t.TomcatWebServer [restartedMain] Tomcat started on port 8080 (http) with context path '/'
2025-02-03 23:16:36,288 INFO o.s.b.StartupInfoLogger [restartedMain] Started YipeeWebserverApplication in 13.574 seconds (process running for 14.219)
2025-02-03 23:16:36,429 INFO a.g.s.y.c.YipeeServerApplication [restartedMain] Setting up server to listen on the following ports: TCP[8081], UDP[55000], TICKRATE[30.0]
2025-02-03 23:16:36,431 DEBUG a.g.s.y.c.YipeeServerApplication [restartedMain] tick rate interval = 0.033333335.
2025-02-03 23:16:36,452 INFO a.g.s.y.c.YipeeServerApplication [HeadlessApplication] Starting server on tcp port [8081] and udp port [55000], with tick rate [30.0 ticks/sec]...
2025-02-03 23:25:23,531 INFO c.z.h.HikariDataSource [SpringApplicationShutdownHook] HikariPool-1 - Shutdown initiated...
2025-02-03 23:25:23,534 INFO c.z.h.HikariDataSource [SpringApplicationShutdownHook] HikariPool-1 - Shutdown completed.
