2025-01-25 11:55:47,041 INFO o.s.b.StartupInfoLogger [restartedMain] Starting YipeeWebserverApplication using Java 17.0.2 with PID 82528 (U:\YipeeWebServer\target\classes started by Blakbro2k in U:\YipeeWebServer)
2025-01-25 11:55:47,045 DEBUG o.s.b.StartupInfoLogger [restartedMain] Running with Spring Boot v3.3.6, Spring v6.1.15
2025-01-25 11:55:47,047 INFO o.s.b.SpringApplication [restartedMain] No active profile set, falling back to 1 default profile: "default"
2025-01-25 11:55:47,138 INFO o.s.b.l.DeferredLog [restartedMain] Devtools property defaults active! Set 'spring.devtools.add-properties' to 'false' to disable
2025-01-25 11:55:47,138 INFO o.s.b.l.DeferredLog [restartedMain] For additional web related logging consider setting the 'logging.level.web' property to 'DEBUG'
2025-01-25 11:55:48,472 INFO o.s.d.r.c.RepositoryConfigurationDelegate [restartedMain] Multiple Spring Data modules found, entering strict repository configuration mode
2025-01-25 11:55:48,472 INFO o.s.d.r.c.RepositoryConfigurationDelegate [restartedMain] Bootstrapping Spring Data JPA repositories in DEFAULT mode.
2025-01-25 11:55:48,776 INFO o.s.d.r.c.RepositoryConfigurationDelegate [restartedMain] Finished Spring Data repository scanning in 293 ms. Found 4 JPA repository interfaces.
2025-01-25 11:55:50,530 INFO o.s.b.w.e.t.TomcatWebServer [restartedMain] Tomcat initialized with port 8080 (http)
2025-01-25 11:55:50,551 INFO o.a.j.l.DirectJDKLog [restartedMain] Initializing ProtocolHandler ["http-nio-8080"]
2025-01-25 11:55:50,562 INFO o.a.j.l.DirectJDKLog [restartedMain] Starting service [Tomcat]
2025-01-25 11:55:50,562 INFO o.a.j.l.DirectJDKLog [restartedMain] Starting Servlet engine: [Apache Tomcat/10.1.33]
2025-01-25 11:55:50,652 INFO o.a.j.l.DirectJDKLog [restartedMain] Initializing Spring embedded WebApplicationContext
2025-01-25 11:55:50,657 INFO o.s.b.w.s.c.ServletWebServerApplicationContext [restartedMain] Root WebApplicationContext: initialization completed in 3514 ms
2025-01-25 11:55:50,969 INFO c.z.h.HikariDataSource [restartedMain] HikariPool-1 - Starting...
2025-01-25 11:55:51,311 INFO c.z.h.p.HikariPool [restartedMain] HikariPool-1 - Added connection conn0: url=jdbc:h2:file:./testdb user=USER
2025-01-25 11:55:51,313 INFO c.z.h.HikariDataSource [restartedMain] HikariPool-1 - Start completed.
2025-01-25 11:55:51,324 INFO o.s.b.a.h.H2ConsoleAutoConfiguration [restartedMain] H2 console available at '/h2-console'. Database available at 'jdbc:h2:file:./testdb'
2025-01-25 11:55:52,264 WARN o.h.e.j.d.i.DialectFactoryImpl [restartedMain] HHH90000025: H2Dialect does not need to be specified explicitly using 'hibernate.dialect' (remove the property setting and it will be selected by default)
2025-01-25 11:55:52,525 WARN o.h.i.UUIDHexGenerator [restartedMain] HHH000409: Using org.hibernate.id.UUIDHexGenerator which does not generate IETF RFC 4122 compliant UUID values; consider using org.hibernate.id.UUIDGenerator instead
2025-01-25 11:55:54,623 WARN o.s.b.a.o.j.JpaBaseConfiguration$JpaWebConfiguration [restartedMain] spring.jpa.open-in-view is enabled by default. Therefore, database queries may be performed during view rendering. Explicitly configure spring.jpa.open-in-view to disable this warning
2025-01-25 11:55:54,725 INFO o.s.b.a.w.s.WelcomePageHandlerMapping [restartedMain] Adding welcome page template: index
2025-01-25 11:55:56,118 INFO o.s.b.d.a.OptionalLiveReloadServer [restartedMain] LiveReload server is running on port 35729
2025-01-25 11:55:56,129 INFO o.s.b.a.e.w.EndpointLinksResolver [restartedMain] Exposing 1 endpoint beneath base path '/actuator'
2025-01-25 11:55:56,218 INFO o.a.j.l.DirectJDKLog [restartedMain] Starting ProtocolHandler ["http-nio-8080"]
2025-01-25 11:55:56,244 INFO o.s.b.w.e.t.TomcatWebServer [restartedMain] Tomcat started on port 8080 (http) with context path '/'
2025-01-25 11:55:56,261 INFO o.s.b.StartupInfoLogger [restartedMain] Started YipeeWebserverApplication in 9.948 seconds (process running for 10.839)
2025-01-25 11:55:56,552 INFO a.g.y.t.LogUtil [HeadlessApplication] Starting server on tcp port [8081] and udp port [55000], with tick rate [30.0 ticks/sec]...
2025-01-25 11:59:06,763 INFO c.z.h.HikariDataSource [SpringApplicationShutdownHook] HikariPool-1 - Shutdown initiated...
2025-01-25 11:59:06,767 INFO c.z.h.HikariDataSource [SpringApplicationShutdownHook] HikariPool-1 - Shutdown completed.
2025-01-25 12:01:35,922 INFO o.s.b.StartupInfoLogger [restartedMain] Starting YipeeWebserverApplication using Java 17.0.2 with PID 108932 (U:\YipeeWebServer\target\classes started by Blakbro2k in U:\YipeeWebServer)
2025-01-25 12:01:35,924 DEBUG o.s.b.StartupInfoLogger [restartedMain] Running with Spring Boot v3.3.6, Spring v6.1.15
2025-01-25 12:01:35,925 INFO o.s.b.SpringApplication [restartedMain] No active profile set, falling back to 1 default profile: "default"
2025-01-25 12:01:35,999 INFO o.s.b.l.DeferredLog [restartedMain] Devtools property defaults active! Set 'spring.devtools.add-properties' to 'false' to disable
2025-01-25 12:01:35,999 INFO o.s.b.l.DeferredLog [restartedMain] For additional web related logging consider setting the 'logging.level.web' property to 'DEBUG'
2025-01-25 12:01:37,072 INFO o.s.d.r.c.RepositoryConfigurationDelegate [restartedMain] Multiple Spring Data modules found, entering strict repository configuration mode
2025-01-25 12:01:37,072 INFO o.s.d.r.c.RepositoryConfigurationDelegate [restartedMain] Bootstrapping Spring Data JPA repositories in DEFAULT mode.
2025-01-25 12:01:37,204 INFO o.s.d.r.c.RepositoryConfigurationDelegate [restartedMain] Finished Spring Data repository scanning in 123 ms. Found 4 JPA repository interfaces.
2025-01-25 12:01:38,717 INFO o.s.b.w.e.t.TomcatWebServer [restartedMain] Tomcat initialized with port 8080 (http)
2025-01-25 12:01:38,728 INFO o.a.j.l.DirectJDKLog [restartedMain] Initializing ProtocolHandler ["http-nio-8080"]
2025-01-25 12:01:38,730 INFO o.a.j.l.DirectJDKLog [restartedMain] Starting service [Tomcat]
2025-01-25 12:01:38,731 INFO o.a.j.l.DirectJDKLog [restartedMain] Starting Servlet engine: [Apache Tomcat/10.1.33]
2025-01-25 12:01:38,805 INFO o.a.j.l.DirectJDKLog [restartedMain] Initializing Spring embedded WebApplicationContext
2025-01-25 12:01:38,806 INFO o.s.b.w.s.c.ServletWebServerApplicationContext [restartedMain] Root WebApplicationContext: initialization completed in 2805 ms
2025-01-25 12:01:38,968 INFO c.z.h.HikariDataSource [restartedMain] HikariPool-1 - Starting...
2025-01-25 12:01:39,239 INFO c.z.h.p.HikariPool [restartedMain] HikariPool-1 - Added connection conn0: url=jdbc:h2:file:./testdb user=USER
2025-01-25 12:01:39,241 INFO c.z.h.HikariDataSource [restartedMain] HikariPool-1 - Start completed.
2025-01-25 12:01:39,253 INFO o.s.b.a.h.H2ConsoleAutoConfiguration [restartedMain] H2 console available at '/h2-console'. Database available at 'jdbc:h2:file:./testdb'
2025-01-25 12:01:39,916 WARN o.h.e.j.d.i.DialectFactoryImpl [restartedMain] HHH90000025: H2Dialect does not need to be specified explicitly using 'hibernate.dialect' (remove the property setting and it will be selected by default)
2025-01-25 12:01:40,204 WARN o.h.i.UUIDHexGenerator [restartedMain] HHH000409: Using org.hibernate.id.UUIDHexGenerator which does not generate IETF RFC 4122 compliant UUID values; consider using org.hibernate.id.UUIDGenerator instead
2025-01-25 12:01:42,199 WARN o.s.b.a.o.j.JpaBaseConfiguration$JpaWebConfiguration [restartedMain] spring.jpa.open-in-view is enabled by default. Therefore, database queries may be performed during view rendering. Explicitly configure spring.jpa.open-in-view to disable this warning
2025-01-25 12:01:42,251 INFO o.s.b.a.w.s.WelcomePageHandlerMapping [restartedMain] Adding welcome page template: index
2025-01-25 12:01:43,956 INFO o.s.b.d.a.OptionalLiveReloadServer [restartedMain] LiveReload server is running on port 35729
2025-01-25 12:01:43,974 INFO o.s.b.a.e.w.EndpointLinksResolver [restartedMain] Exposing 1 endpoint beneath base path '/actuator'
2025-01-25 12:01:44,097 INFO o.a.j.l.DirectJDKLog [restartedMain] Starting ProtocolHandler ["http-nio-8080"]
2025-01-25 12:01:44,169 INFO o.s.b.w.e.t.TomcatWebServer [restartedMain] Tomcat started on port 8080 (http) with context path '/'
2025-01-25 12:01:44,195 INFO o.s.b.StartupInfoLogger [restartedMain] Started YipeeWebserverApplication in 8.829 seconds (process running for 9.639)
2025-01-25 12:01:44,347 INFO a.g.y.t.LogUtil [HeadlessApplication] Starting server on tcp port [8081] and udp port [55000], with tick rate [30.0 ticks/sec]...
2025-01-25 12:13:29,664 INFO c.z.h.HikariDataSource [SpringApplicationShutdownHook] HikariPool-1 - Shutdown initiated...
2025-01-25 12:13:29,671 INFO c.z.h.HikariDataSource [SpringApplicationShutdownHook] HikariPool-1 - Shutdown completed.
2025-01-25 12:19:34,797 INFO o.s.b.StartupInfoLogger [restartedMain] Starting YipeeWebserverApplication using Java 17.0.2 with PID 155348 (U:\YipeeWebServer\target\classes started by Blakbro2k in U:\YipeeWebServer)
2025-01-25 12:19:34,801 DEBUG o.s.b.StartupInfoLogger [restartedMain] Running with Spring Boot v3.3.6, Spring v6.1.15
2025-01-25 12:19:34,802 INFO o.s.b.SpringApplication [restartedMain] No active profile set, falling back to 1 default profile: "default"
2025-01-25 12:19:34,907 INFO o.s.b.l.DeferredLog [restartedMain] Devtools property defaults active! Set 'spring.devtools.add-properties' to 'false' to disable
2025-01-25 12:19:34,907 INFO o.s.b.l.DeferredLog [restartedMain] For additional web related logging consider setting the 'logging.level.web' property to 'DEBUG'
2025-01-25 12:19:36,479 INFO o.s.d.r.c.RepositoryConfigurationDelegate [restartedMain] Multiple Spring Data modules found, entering strict repository configuration mode
2025-01-25 12:19:36,480 INFO o.s.d.r.c.RepositoryConfigurationDelegate [restartedMain] Bootstrapping Spring Data JPA repositories in DEFAULT mode.
2025-01-25 12:19:36,672 INFO o.s.d.r.c.RepositoryConfigurationDelegate [restartedMain] Finished Spring Data repository scanning in 175 ms. Found 4 JPA repository interfaces.
2025-01-25 12:19:38,611 INFO o.s.b.w.e.t.TomcatWebServer [restartedMain] Tomcat initialized with port 8080 (http)
2025-01-25 12:19:38,627 INFO o.a.j.l.DirectJDKLog [restartedMain] Initializing ProtocolHandler ["http-nio-8080"]
2025-01-25 12:19:38,630 INFO o.a.j.l.DirectJDKLog [restartedMain] Starting service [Tomcat]
2025-01-25 12:19:38,630 INFO o.a.j.l.DirectJDKLog [restartedMain] Starting Servlet engine: [Apache Tomcat/10.1.33]
2025-01-25 12:19:38,716 INFO o.a.j.l.DirectJDKLog [restartedMain] Initializing Spring embedded WebApplicationContext
2025-01-25 12:19:38,718 INFO o.s.b.w.s.c.ServletWebServerApplicationContext [restartedMain] Root WebApplicationContext: initialization completed in 3809 ms
2025-01-25 12:19:38,935 INFO c.z.h.HikariDataSource [restartedMain] HikariPool-1 - Starting...
2025-01-25 12:19:39,178 INFO c.z.h.p.HikariPool [restartedMain] HikariPool-1 - Added connection conn0: url=jdbc:h2:file:./testdb user=USER
2025-01-25 12:19:39,180 INFO c.z.h.HikariDataSource [restartedMain] HikariPool-1 - Start completed.
2025-01-25 12:19:39,193 INFO o.s.b.a.h.H2ConsoleAutoConfiguration [restartedMain] H2 console available at '/h2-console'. Database available at 'jdbc:h2:file:./testdb'
2025-01-25 12:19:39,958 WARN o.h.e.j.d.i.DialectFactoryImpl [restartedMain] HHH90000025: H2Dialect does not need to be specified explicitly using 'hibernate.dialect' (remove the property setting and it will be selected by default)
2025-01-25 12:19:40,272 WARN o.h.i.UUIDHexGenerator [restartedMain] HHH000409: Using org.hibernate.id.UUIDHexGenerator which does not generate IETF RFC 4122 compliant UUID values; consider using org.hibernate.id.UUIDGenerator instead
2025-01-25 12:19:42,317 WARN o.s.b.a.o.j.JpaBaseConfiguration$JpaWebConfiguration [restartedMain] spring.jpa.open-in-view is enabled by default. Therefore, database queries may be performed during view rendering. Explicitly configure spring.jpa.open-in-view to disable this warning
2025-01-25 12:19:42,361 INFO o.s.b.a.w.s.WelcomePageHandlerMapping [restartedMain] Adding welcome page template: index
2025-01-25 12:19:43,992 INFO o.s.b.d.a.OptionalLiveReloadServer [restartedMain] LiveReload server is running on port 35729
2025-01-25 12:19:44,004 INFO o.s.b.a.e.w.EndpointLinksResolver [restartedMain] Exposing 1 endpoint beneath base path '/actuator'
2025-01-25 12:19:44,065 INFO o.a.j.l.DirectJDKLog [restartedMain] Starting ProtocolHandler ["http-nio-8080"]
2025-01-25 12:19:44,086 INFO o.s.b.w.e.t.TomcatWebServer [restartedMain] Tomcat started on port 8080 (http) with context path '/'
2025-01-25 12:19:44,112 INFO o.s.b.StartupInfoLogger [restartedMain] Started YipeeWebserverApplication in 9.906 seconds (process running for 10.525)
2025-01-25 12:19:44,227 INFO a.g.y.t.LogUtil [HeadlessApplication] Starting server on tcp port [8081] and udp port [55000], with tick rate [30.0 ticks/sec]...
2025-01-25 12:20:30,494 INFO c.z.h.HikariDataSource [SpringApplicationShutdownHook] HikariPool-1 - Shutdown initiated...
2025-01-25 12:20:30,498 INFO c.z.h.HikariDataSource [SpringApplicationShutdownHook] HikariPool-1 - Shutdown completed.
2025-01-25 12:20:48,955 INFO o.s.b.StartupInfoLogger [restartedMain] Starting YipeeWebserverApplication using Java 17.0.2 with PID 160912 (U:\YipeeWebServer\target\classes started by Blakbro2k in U:\YipeeWebServer)
2025-01-25 12:20:48,956 DEBUG o.s.b.StartupInfoLogger [restartedMain] Running with Spring Boot v3.3.6, Spring v6.1.15
2025-01-25 12:20:48,957 INFO o.s.b.SpringApplication [restartedMain] No active profile set, falling back to 1 default profile: "default"
2025-01-25 12:20:49,023 INFO o.s.b.l.DeferredLog [restartedMain] Devtools property defaults active! Set 'spring.devtools.add-properties' to 'false' to disable
2025-01-25 12:20:49,023 INFO o.s.b.l.DeferredLog [restartedMain] For additional web related logging consider setting the 'logging.level.web' property to 'DEBUG'
2025-01-25 12:20:50,229 INFO o.s.d.r.c.RepositoryConfigurationDelegate [restartedMain] Multiple Spring Data modules found, entering strict repository configuration mode
2025-01-25 12:20:50,229 INFO o.s.d.r.c.RepositoryConfigurationDelegate [restartedMain] Bootstrapping Spring Data JPA repositories in DEFAULT mode.
2025-01-25 12:20:50,386 INFO o.s.d.r.c.RepositoryConfigurationDelegate [restartedMain] Finished Spring Data repository scanning in 147 ms. Found 4 JPA repository interfaces.
2025-01-25 12:20:52,090 INFO o.s.b.w.e.t.TomcatWebServer [restartedMain] Tomcat initialized with port 8080 (http)
2025-01-25 12:20:52,104 INFO o.a.j.l.DirectJDKLog [restartedMain] Initializing ProtocolHandler ["http-nio-8080"]
2025-01-25 12:20:52,106 INFO o.a.j.l.DirectJDKLog [restartedMain] Starting service [Tomcat]
2025-01-25 12:20:52,107 INFO o.a.j.l.DirectJDKLog [restartedMain] Starting Servlet engine: [Apache Tomcat/10.1.33]
2025-01-25 12:20:52,185 INFO o.a.j.l.DirectJDKLog [restartedMain] Initializing Spring embedded WebApplicationContext
2025-01-25 12:20:52,187 INFO o.s.b.w.s.c.ServletWebServerApplicationContext [restartedMain] Root WebApplicationContext: initialization completed in 3162 ms
2025-01-25 12:20:52,370 INFO c.z.h.HikariDataSource [restartedMain] HikariPool-1 - Starting...
2025-01-25 12:20:52,650 INFO c.z.h.p.HikariPool [restartedMain] HikariPool-1 - Added connection conn0: url=jdbc:h2:file:./testdb user=USER
2025-01-25 12:20:52,652 INFO c.z.h.HikariDataSource [restartedMain] HikariPool-1 - Start completed.
2025-01-25 12:20:52,664 INFO o.s.b.a.h.H2ConsoleAutoConfiguration [restartedMain] H2 console available at '/h2-console'. Database available at 'jdbc:h2:file:./testdb'
2025-01-25 12:20:53,757 WARN o.h.e.j.d.i.DialectFactoryImpl [restartedMain] HHH90000025: H2Dialect does not need to be specified explicitly using 'hibernate.dialect' (remove the property setting and it will be selected by default)
2025-01-25 12:20:54,154 WARN o.h.i.UUIDHexGenerator [restartedMain] HHH000409: Using org.hibernate.id.UUIDHexGenerator which does not generate IETF RFC 4122 compliant UUID values; consider using org.hibernate.id.UUIDGenerator instead
2025-01-25 12:20:56,717 WARN o.s.b.a.o.j.JpaBaseConfiguration$JpaWebConfiguration [restartedMain] spring.jpa.open-in-view is enabled by default. Therefore, database queries may be performed during view rendering. Explicitly configure spring.jpa.open-in-view to disable this warning
2025-01-25 12:20:56,802 INFO o.s.b.a.w.s.WelcomePageHandlerMapping [restartedMain] Adding welcome page template: index
2025-01-25 12:20:58,637 INFO o.s.b.d.a.OptionalLiveReloadServer [restartedMain] LiveReload server is running on port 35729
2025-01-25 12:20:58,651 INFO o.s.b.a.e.w.EndpointLinksResolver [restartedMain] Exposing 1 endpoint beneath base path '/actuator'
2025-01-25 12:20:58,713 INFO o.a.j.l.DirectJDKLog [restartedMain] Starting ProtocolHandler ["http-nio-8080"]
2025-01-25 12:20:58,739 INFO o.s.b.w.e.t.TomcatWebServer [restartedMain] Tomcat started on port 8080 (http) with context path '/'
2025-01-25 12:20:58,758 INFO o.s.b.StartupInfoLogger [restartedMain] Started YipeeWebserverApplication in 10.635 seconds (process running for 11.511)
2025-01-25 12:20:58,885 INFO a.g.y.t.LogUtil [HeadlessApplication] Starting server on tcp port [8081] and udp port [55000], with tick rate [30.0 ticks/sec]...
2025-01-25 12:43:40,056 INFO c.z.h.HikariDataSource [SpringApplicationShutdownHook] HikariPool-1 - Shutdown initiated...
2025-01-25 12:43:40,060 INFO c.z.h.HikariDataSource [SpringApplicationShutdownHook] HikariPool-1 - Shutdown completed.
2025-01-25 12:43:50,195 INFO o.s.b.StartupInfoLogger [restartedMain] Starting YipeeWebserverApplication using Java 17.0.2 with PID 39572 (U:\YipeeWebServer\target\classes started by Blakbro2k in U:\YipeeWebServer)
2025-01-25 12:43:50,198 DEBUG o.s.b.StartupInfoLogger [restartedMain] Running with Spring Boot v3.3.6, Spring v6.1.15
2025-01-25 12:43:50,199 INFO o.s.b.SpringApplication [restartedMain] No active profile set, falling back to 1 default profile: "default"
2025-01-25 12:43:50,264 INFO o.s.b.l.DeferredLog [restartedMain] Devtools property defaults active! Set 'spring.devtools.add-properties' to 'false' to disable
2025-01-25 12:43:50,264 INFO o.s.b.l.DeferredLog [restartedMain] For additional web related logging consider setting the 'logging.level.web' property to 'DEBUG'
2025-01-25 12:43:51,459 INFO o.s.d.r.c.RepositoryConfigurationDelegate [restartedMain] Multiple Spring Data modules found, entering strict repository configuration mode
2025-01-25 12:43:51,460 INFO o.s.d.r.c.RepositoryConfigurationDelegate [restartedMain] Bootstrapping Spring Data JPA repositories in DEFAULT mode.
2025-01-25 12:43:51,591 INFO o.s.d.r.c.RepositoryConfigurationDelegate [restartedMain] Finished Spring Data repository scanning in 121 ms. Found 4 JPA repository interfaces.
2025-01-25 12:43:52,925 INFO o.s.b.w.e.t.TomcatWebServer [restartedMain] Tomcat initialized with port 8080 (http)
2025-01-25 12:43:52,937 INFO o.a.j.l.DirectJDKLog [restartedMain] Initializing ProtocolHandler ["http-nio-8080"]
2025-01-25 12:43:52,940 INFO o.a.j.l.DirectJDKLog [restartedMain] Starting service [Tomcat]
2025-01-25 12:43:52,940 INFO o.a.j.l.DirectJDKLog [restartedMain] Starting Servlet engine: [Apache Tomcat/10.1.33]
2025-01-25 12:43:53,039 INFO o.a.j.l.DirectJDKLog [restartedMain] Initializing Spring embedded WebApplicationContext
2025-01-25 12:43:53,040 INFO o.s.b.w.s.c.ServletWebServerApplicationContext [restartedMain] Root WebApplicationContext: initialization completed in 2773 ms
2025-01-25 12:43:53,249 INFO c.z.h.HikariDataSource [restartedMain] HikariPool-1 - Starting...
2025-01-25 12:43:53,540 INFO c.z.h.p.HikariPool [restartedMain] HikariPool-1 - Added connection conn0: url=jdbc:h2:file:./testdb user=USER
2025-01-25 12:43:53,542 INFO c.z.h.HikariDataSource [restartedMain] HikariPool-1 - Start completed.
2025-01-25 12:43:53,554 INFO o.s.b.a.h.H2ConsoleAutoConfiguration [restartedMain] H2 console available at '/h2-console'. Database available at 'jdbc:h2:file:./testdb'
2025-01-25 12:43:54,200 WARN o.h.e.j.d.i.DialectFactoryImpl [restartedMain] HHH90000025: H2Dialect does not need to be specified explicitly using 'hibernate.dialect' (remove the property setting and it will be selected by default)
2025-01-25 12:43:54,450 WARN o.h.i.UUIDHexGenerator [restartedMain] HHH000409: Using org.hibernate.id.UUIDHexGenerator which does not generate IETF RFC 4122 compliant UUID values; consider using org.hibernate.id.UUIDGenerator instead
2025-01-25 12:43:56,054 WARN o.s.b.a.o.j.JpaBaseConfiguration$JpaWebConfiguration [restartedMain] spring.jpa.open-in-view is enabled by default. Therefore, database queries may be performed during view rendering. Explicitly configure spring.jpa.open-in-view to disable this warning
2025-01-25 12:43:56,097 INFO o.s.b.a.w.s.WelcomePageHandlerMapping [restartedMain] Adding welcome page template: index
2025-01-25 12:43:57,517 INFO o.s.b.d.a.OptionalLiveReloadServer [restartedMain] LiveReload server is running on port 35729
2025-01-25 12:43:57,528 INFO o.s.b.a.e.w.EndpointLinksResolver [restartedMain] Exposing 1 endpoint beneath base path '/actuator'
2025-01-25 12:43:57,578 INFO o.a.j.l.DirectJDKLog [restartedMain] Starting ProtocolHandler ["http-nio-8080"]
2025-01-25 12:43:57,599 INFO o.s.b.w.e.t.TomcatWebServer [restartedMain] Tomcat started on port 8080 (http) with context path '/'
2025-01-25 12:43:57,615 INFO o.s.b.StartupInfoLogger [restartedMain] Started YipeeWebserverApplication in 7.902 seconds (process running for 8.624)
2025-01-25 12:43:57,716 INFO a.g.y.t.LogUtil [HeadlessApplication] Starting server on tcp port [8081] and udp port [55000], with tick rate [30.0 ticks/sec]...
2025-01-25 12:53:10,449 INFO c.z.h.HikariDataSource [SpringApplicationShutdownHook] HikariPool-1 - Shutdown initiated...
2025-01-25 12:53:10,453 INFO c.z.h.HikariDataSource [SpringApplicationShutdownHook] HikariPool-1 - Shutdown completed.
2025-01-25 12:53:34,566 INFO o.s.b.StartupInfoLogger [restartedMain] Starting YipeeWebserverApplication using Java 17.0.2 with PID 107384 (U:\YipeeWebServer\target\classes started by Blakbro2k in U:\YipeeWebServer)
2025-01-25 12:53:34,568 DEBUG o.s.b.StartupInfoLogger [restartedMain] Running with Spring Boot v3.3.6, Spring v6.1.15
2025-01-25 12:53:34,569 INFO o.s.b.SpringApplication [restartedMain] No active profile set, falling back to 1 default profile: "default"
2025-01-25 12:53:34,642 INFO o.s.b.l.DeferredLog [restartedMain] Devtools property defaults active! Set 'spring.devtools.add-properties' to 'false' to disable
2025-01-25 12:53:34,645 INFO o.s.b.l.DeferredLog [restartedMain] For additional web related logging consider setting the 'logging.level.web' property to 'DEBUG'
2025-01-25 12:53:35,830 INFO o.s.d.r.c.RepositoryConfigurationDelegate [restartedMain] Multiple Spring Data modules found, entering strict repository configuration mode
2025-01-25 12:53:35,830 INFO o.s.d.r.c.RepositoryConfigurationDelegate [restartedMain] Bootstrapping Spring Data JPA repositories in DEFAULT mode.
2025-01-25 12:53:35,966 INFO o.s.d.r.c.RepositoryConfigurationDelegate [restartedMain] Finished Spring Data repository scanning in 128 ms. Found 4 JPA repository interfaces.
2025-01-25 12:53:37,391 INFO o.s.b.w.e.t.TomcatWebServer [restartedMain] Tomcat initialized with port 8080 (http)
2025-01-25 12:53:37,401 INFO o.a.j.l.DirectJDKLog [restartedMain] Initializing ProtocolHandler ["http-nio-8080"]
2025-01-25 12:53:37,403 INFO o.a.j.l.DirectJDKLog [restartedMain] Starting service [Tomcat]
2025-01-25 12:53:37,403 INFO o.a.j.l.DirectJDKLog [restartedMain] Starting Servlet engine: [Apache Tomcat/10.1.33]
2025-01-25 12:53:37,472 INFO o.a.j.l.DirectJDKLog [restartedMain] Initializing Spring embedded WebApplicationContext
2025-01-25 12:53:37,473 INFO o.s.b.w.s.c.ServletWebServerApplicationContext [restartedMain] Root WebApplicationContext: initialization completed in 2817 ms
2025-01-25 12:53:37,622 INFO c.z.h.HikariDataSource [restartedMain] HikariPool-1 - Starting...
2025-01-25 12:53:37,851 INFO c.z.h.p.HikariPool [restartedMain] HikariPool-1 - Added connection conn0: url=jdbc:h2:file:./testdb user=USER
2025-01-25 12:53:37,854 INFO c.z.h.HikariDataSource [restartedMain] HikariPool-1 - Start completed.
2025-01-25 12:53:37,864 INFO o.s.b.a.h.H2ConsoleAutoConfiguration [restartedMain] H2 console available at '/h2-console'. Database available at 'jdbc:h2:file:./testdb'
2025-01-25 12:53:38,500 WARN o.h.e.j.d.i.DialectFactoryImpl [restartedMain] HHH90000025: H2Dialect does not need to be specified explicitly using 'hibernate.dialect' (remove the property setting and it will be selected by default)
2025-01-25 12:53:38,747 WARN o.h.i.UUIDHexGenerator [restartedMain] HHH000409: Using org.hibernate.id.UUIDHexGenerator which does not generate IETF RFC 4122 compliant UUID values; consider using org.hibernate.id.UUIDGenerator instead
2025-01-25 12:53:40,790 WARN o.s.b.a.o.j.JpaBaseConfiguration$JpaWebConfiguration [restartedMain] spring.jpa.open-in-view is enabled by default. Therefore, database queries may be performed during view rendering. Explicitly configure spring.jpa.open-in-view to disable this warning
2025-01-25 12:53:40,839 INFO o.s.b.a.w.s.WelcomePageHandlerMapping [restartedMain] Adding welcome page template: index
2025-01-25 12:53:42,334 INFO o.s.b.d.a.OptionalLiveReloadServer [restartedMain] LiveReload server is running on port 35729
2025-01-25 12:53:42,345 INFO o.s.b.a.e.w.EndpointLinksResolver [restartedMain] Exposing 1 endpoint beneath base path '/actuator'
2025-01-25 12:53:42,398 INFO o.a.j.l.DirectJDKLog [restartedMain] Starting ProtocolHandler ["http-nio-8080"]
2025-01-25 12:53:42,417 INFO o.s.b.w.e.t.TomcatWebServer [restartedMain] Tomcat started on port 8080 (http) with context path '/'
2025-01-25 12:53:42,433 INFO o.s.b.StartupInfoLogger [restartedMain] Started YipeeWebserverApplication in 8.451 seconds (process running for 9.272)
2025-01-25 12:53:42,534 INFO a.g.y.t.LogUtil [HeadlessApplication] Starting server on tcp port [8081] and udp port [55000], with tick rate [30.0 ticks/sec]...
2025-01-25 13:11:43,367 INFO c.z.h.HikariDataSource [SpringApplicationShutdownHook] HikariPool-1 - Shutdown initiated...
2025-01-25 13:11:43,371 INFO c.z.h.HikariDataSource [SpringApplicationShutdownHook] HikariPool-1 - Shutdown completed.
2025-01-25 13:11:54,017 INFO o.s.b.StartupInfoLogger [restartedMain] Starting YipeeWebserverApplication using Java 17.0.2 with PID 139436 (U:\YipeeWebServer\target\classes started by Blakbro2k in U:\YipeeWebServer)
2025-01-25 13:11:54,018 DEBUG o.s.b.StartupInfoLogger [restartedMain] Running with Spring Boot v3.3.6, Spring v6.1.15
2025-01-25 13:11:54,019 INFO o.s.b.SpringApplication [restartedMain] No active profile set, falling back to 1 default profile: "default"
2025-01-25 13:11:54,076 INFO o.s.b.l.DeferredLog [restartedMain] Devtools property defaults active! Set 'spring.devtools.add-properties' to 'false' to disable
2025-01-25 13:11:54,077 INFO o.s.b.l.DeferredLog [restartedMain] For additional web related logging consider setting the 'logging.level.web' property to 'DEBUG'
2025-01-25 13:11:55,254 INFO o.s.d.r.c.RepositoryConfigurationDelegate [restartedMain] Multiple Spring Data modules found, entering strict repository configuration mode
2025-01-25 13:11:55,255 INFO o.s.d.r.c.RepositoryConfigurationDelegate [restartedMain] Bootstrapping Spring Data JPA repositories in DEFAULT mode.
2025-01-25 13:11:55,388 INFO o.s.d.r.c.RepositoryConfigurationDelegate [restartedMain] Finished Spring Data repository scanning in 125 ms. Found 4 JPA repository interfaces.
2025-01-25 13:11:56,713 INFO o.s.b.w.e.t.TomcatWebServer [restartedMain] Tomcat initialized with port 8080 (http)
2025-01-25 13:11:56,722 INFO o.a.j.l.DirectJDKLog [restartedMain] Initializing ProtocolHandler ["http-nio-8080"]
2025-01-25 13:11:56,724 INFO o.a.j.l.DirectJDKLog [restartedMain] Starting service [Tomcat]
2025-01-25 13:11:56,724 INFO o.a.j.l.DirectJDKLog [restartedMain] Starting Servlet engine: [Apache Tomcat/10.1.33]
2025-01-25 13:11:56,795 INFO o.a.j.l.DirectJDKLog [restartedMain] Initializing Spring embedded WebApplicationContext
2025-01-25 13:11:56,801 INFO o.s.b.w.s.c.ServletWebServerApplicationContext [restartedMain] Root WebApplicationContext: initialization completed in 2718 ms
2025-01-25 13:11:56,941 INFO c.z.h.HikariDataSource [restartedMain] HikariPool-1 - Starting...
2025-01-25 13:11:57,190 INFO c.z.h.p.HikariPool [restartedMain] HikariPool-1 - Added connection conn0: url=jdbc:h2:file:./testdb user=USER
2025-01-25 13:11:57,192 INFO c.z.h.HikariDataSource [restartedMain] HikariPool-1 - Start completed.
2025-01-25 13:11:57,203 INFO o.s.b.a.h.H2ConsoleAutoConfiguration [restartedMain] H2 console available at '/h2-console'. Database available at 'jdbc:h2:file:./testdb'
2025-01-25 13:11:57,896 WARN o.h.e.j.d.i.DialectFactoryImpl [restartedMain] HHH90000025: H2Dialect does not need to be specified explicitly using 'hibernate.dialect' (remove the property setting and it will be selected by default)
2025-01-25 13:11:58,185 WARN o.h.i.UUIDHexGenerator [restartedMain] HHH000409: Using org.hibernate.id.UUIDHexGenerator which does not generate IETF RFC 4122 compliant UUID values; consider using org.hibernate.id.UUIDGenerator instead
2025-01-25 13:11:59,862 WARN o.s.b.a.o.j.JpaBaseConfiguration$JpaWebConfiguration [restartedMain] spring.jpa.open-in-view is enabled by default. Therefore, database queries may be performed during view rendering. Explicitly configure spring.jpa.open-in-view to disable this warning
2025-01-25 13:11:59,910 INFO o.s.b.a.w.s.WelcomePageHandlerMapping [restartedMain] Adding welcome page template: index
2025-01-25 13:12:01,359 INFO o.s.b.d.a.OptionalLiveReloadServer [restartedMain] LiveReload server is running on port 35729
2025-01-25 13:12:01,381 INFO o.s.b.a.e.w.EndpointLinksResolver [restartedMain] Exposing 1 endpoint beneath base path '/actuator'
2025-01-25 13:12:01,483 INFO o.a.j.l.DirectJDKLog [restartedMain] Starting ProtocolHandler ["http-nio-8080"]
2025-01-25 13:12:01,517 INFO o.s.b.w.e.t.TomcatWebServer [restartedMain] Tomcat started on port 8080 (http) with context path '/'
2025-01-25 13:12:01,561 INFO o.s.b.StartupInfoLogger [restartedMain] Started YipeeWebserverApplication in 8.015 seconds (process running for 8.731)
2025-01-25 13:12:01,700 INFO a.g.y.t.LogUtil [HeadlessApplication] Starting server on tcp port [8081] and udp port [55000], with tick rate [30.0 ticks/sec]...
2025-01-25 13:14:33,545 INFO o.s.b.d.a.LocalDevToolsAutoConfiguration$RestartingClassPathChangeChangedEventListener [File Watcher] Restarting due to 36 class path changes (0 additions, 35 deletions, 1 modification)
2025-01-25 13:14:33,551 INFO o.a.j.l.DirectJDKLog [Thread-6] Stopping ProtocolHandler ["http-nio-8080"]
2025-01-25 13:14:33,762 INFO c.z.h.HikariDataSource [Thread-6] HikariPool-1 - Shutdown initiated...
2025-01-25 13:14:35,058 INFO c.z.h.HikariDataSource [Thread-6] HikariPool-1 - Shutdown completed.
2025-01-25 13:14:35,174 INFO o.s.b.StartupInfoLogger [restartedMain] Starting YipeeWebserverApplication using Java 17.0.2 with PID 139436 (U:\YipeeWebServer\target\classes started by Blakbro2k in U:\YipeeWebServer)
2025-01-25 13:14:35,174 DEBUG o.s.b.StartupInfoLogger [restartedMain] Running with Spring Boot v3.3.6, Spring v6.1.15
2025-01-25 13:14:35,175 INFO o.s.b.SpringApplication [restartedMain] No active profile set, falling back to 1 default profile: "default"
2025-01-25 13:14:35,638 INFO o.s.d.r.c.RepositoryConfigurationDelegate [restartedMain] Multiple Spring Data modules found, entering strict repository configuration mode
2025-01-25 13:14:35,639 INFO o.s.d.r.c.RepositoryConfigurationDelegate [restartedMain] Bootstrapping Spring Data JPA repositories in DEFAULT mode.
2025-01-25 13:14:35,640 INFO o.s.d.r.c.RepositoryConfigurationDelegate [restartedMain] Finished Spring Data repository scanning in 0 ms. Found 0 JPA repository interfaces.
2025-01-25 13:14:35,892 INFO o.s.b.w.e.t.TomcatWebServer [restartedMain] Tomcat initialized with port 8080 (http)
2025-01-25 13:14:35,893 INFO o.a.j.l.DirectJDKLog [restartedMain] Initializing ProtocolHandler ["http-nio-8080"]
2025-01-25 13:14:35,893 INFO o.a.j.l.DirectJDKLog [restartedMain] Starting service [Tomcat]
2025-01-25 13:14:35,893 INFO o.a.j.l.DirectJDKLog [restartedMain] Starting Servlet engine: [Apache Tomcat/10.1.33]
2025-01-25 13:14:35,934 INFO o.a.j.l.DirectJDKLog [restartedMain] Initializing Spring embedded WebApplicationContext
2025-01-25 13:14:35,934 INFO o.s.b.w.s.c.ServletWebServerApplicationContext [restartedMain] Root WebApplicationContext: initialization completed in 756 ms
2025-01-25 13:14:36,000 INFO c.z.h.HikariDataSource [restartedMain] HikariPool-2 - Starting...
2025-01-25 13:14:36,015 INFO c.z.h.p.HikariPool [restartedMain] HikariPool-2 - Added connection conn10: url=jdbc:h2:file:./testdb user=USER
2025-01-25 13:14:36,016 INFO c.z.h.HikariDataSource [restartedMain] HikariPool-2 - Start completed.
2025-01-25 13:14:36,016 INFO o.s.b.a.h.H2ConsoleAutoConfiguration [restartedMain] H2 console available at '/h2-console'. Database available at 'jdbc:h2:file:./testdb'
2025-01-25 13:14:36,090 WARN o.h.e.j.d.i.DialectFactoryImpl [restartedMain] HHH90000025: H2Dialect does not need to be specified explicitly using 'hibernate.dialect' (remove the property setting and it will be selected by default)
2025-01-25 13:14:36,256 WARN o.s.c.s.AbstractApplicationContext [restartedMain] Exception encountered during context initialization - cancelling refresh attempt: org.springframework.beans.factory.BeanCreationException: Error creating bean with name 'yipeeWebserverApplication': Post-processing of merged bean definition failed
2025-01-25 13:14:36,256 INFO c.z.h.HikariDataSource [restartedMain] HikariPool-2 - Shutdown initiated...
2025-01-25 13:14:37,864 INFO c.z.h.HikariDataSource [restartedMain] HikariPool-2 - Shutdown completed.
2025-01-25 13:14:37,865 INFO o.a.j.l.DirectJDKLog [restartedMain] Stopping service [Tomcat]
2025-01-25 13:14:37,875 INFO o.s.b.a.l.ConditionEvaluationReportLogger [restartedMain] 

Error starting ApplicationContext. To display the condition evaluation report re-run your application with 'debug' enabled.
2025-01-25 13:14:37,921 ERROR o.s.b.SpringApplication [restartedMain] Application run failed
org.springframework.beans.factory.BeanCreationException: Error creating bean with name 'yipeeWebserverApplication': Post-processing of merged bean definition failed
	at org.springframework.beans.factory.support.AbstractAutowireCapableBeanFactory.doCreateBean(AbstractAutowireCapableBeanFactory.java:577)
	at org.springframework.beans.factory.support.AbstractAutowireCapableBeanFactory.createBean(AbstractAutowireCapableBeanFactory.java:522)
	at org.springframework.beans.factory.support.AbstractBeanFactory.lambda$doGetBean$0(AbstractBeanFactory.java:337)
	at org.springframework.beans.factory.support.DefaultSingletonBeanRegistry.getSingleton(DefaultSingletonBeanRegistry.java:234)
	at org.springframework.beans.factory.support.AbstractBeanFactory.doGetBean(AbstractBeanFactory.java:335)
	at org.springframework.beans.factory.support.AbstractBeanFactory.getBean(AbstractBeanFactory.java:200)
	at org.springframework.beans.factory.support.DefaultListableBeanFactory.preInstantiateSingletons(DefaultListableBeanFactory.java:975)
	at org.springframework.context.support.AbstractApplicationContext.finishBeanFactoryInitialization(AbstractApplicationContext.java:971)
	at org.springframework.context.support.AbstractApplicationContext.refresh(AbstractApplicationContext.java:625)
	at org.springframework.boot.web.servlet.context.ServletWebServerApplicationContext.refresh(ServletWebServerApplicationContext.java:146)
	at org.springframework.boot.SpringApplication.refresh(SpringApplication.java:754)
	at org.springframework.boot.SpringApplication.refreshContext(SpringApplication.java:456)
	at org.springframework.boot.SpringApplication.run(SpringApplication.java:335)
	at org.springframework.boot.SpringApplication.run(SpringApplication.java:1363)
	at org.springframework.boot.SpringApplication.run(SpringApplication.java:1352)
	at asg.games.server.yipeewebserver.YipeeWebserverApplication.main(YipeeWebserverApplication.java:39)
	at java.base/jdk.internal.reflect.NativeMethodAccessorImpl.invoke0(Native Method)
	at java.base/jdk.internal.reflect.NativeMethodAccessorImpl.invoke(NativeMethodAccessorImpl.java:77)
	at java.base/jdk.internal.reflect.DelegatingMethodAccessorImpl.invoke(DelegatingMethodAccessorImpl.java:43)
	at java.base/java.lang.reflect.Method.invoke(Method.java:568)
	at org.springframework.boot.devtools.restart.RestartLauncher.run(RestartLauncher.java:50)
Caused by: java.lang.IllegalStateException: Failed to introspect Class [asg.games.server.yipeewebserver.YipeeWebserverApplication] from ClassLoader [jdk.internal.loader.ClassLoaders$AppClassLoader@1d44bcfa]
	at org.springframework.util.ReflectionUtils.getDeclaredFields(ReflectionUtils.java:757)
	at org.springframework.util.ReflectionUtils.doWithLocalFields(ReflectionUtils.java:689)
	at org.springframework.orm.jpa.support.PersistenceAnnotationBeanPostProcessor.buildPersistenceMetadata(PersistenceAnnotationBeanPostProcessor.java:436)
	at org.springframework.orm.jpa.support.PersistenceAnnotationBeanPostProcessor.findPersistenceMetadata(PersistenceAnnotationBeanPostProcessor.java:417)
	at org.springframework.orm.jpa.support.PersistenceAnnotationBeanPostProcessor.findInjectionMetadata(PersistenceAnnotationBeanPostProcessor.java:376)
	at org.springframework.orm.jpa.support.PersistenceAnnotationBeanPostProcessor.postProcessMergedBeanDefinition(PersistenceAnnotationBeanPostProcessor.java:353)
	at org.springframework.beans.factory.support.AbstractAutowireCapableBeanFactory.applyMergedBeanDefinitionPostProcessors(AbstractAutowireCapableBeanFactory.java:1103)
	at org.springframework.beans.factory.support.AbstractAutowireCapableBeanFactory.doCreateBean(AbstractAutowireCapableBeanFactory.java:574)
	... 20 common frames omitted
Caused by: java.lang.NoClassDefFoundError: asg/games/server/yipeewebserver/services/impl/YipeeGameJPAServiceImpl
	at java.base/java.lang.Class.getDeclaredFields0(Native Method)
	at java.base/java.lang.Class.privateGetDeclaredFields(Class.java:3297)
	at java.base/java.lang.Class.getDeclaredFields(Class.java:2371)
	at org.springframework.util.ReflectionUtils.getDeclaredFields(ReflectionUtils.java:752)
	... 27 common frames omitted
Caused by: java.lang.ClassNotFoundException: asg.games.server.yipeewebserver.services.impl.YipeeGameJPAServiceImpl
	at java.base/jdk.internal.loader.BuiltinClassLoader.loadClass(BuiltinClassLoader.java:641)
	at java.base/jdk.internal.loader.ClassLoaders$AppClassLoader.loadClass(ClassLoaders.java:188)
	at java.base/java.lang.ClassLoader.loadClass(ClassLoader.java:520)
	... 31 common frames omitted
