2024-12-04 13:52:20,951 INFO o.s.b.StartupInfoLogger [restartedMain] Starting YipeeWebserverApplication using Java 17.0.2 with PID 60900 (U:\YipeeWebServer\target\classes started by Blakbro2k in U:\YipeeWebServer\src\main\resources\templates)
2024-12-04 13:52:20,956 INFO o.s.b.SpringApplication [restartedMain] No active profile set, falling back to 1 default profile: "default"
2024-12-04 13:52:21,024 INFO o.s.b.l.DeferredLog [restartedMain] Devtools property defaults active! Set 'spring.devtools.add-properties' to 'false' to disable
2024-12-04 13:52:21,025 INFO o.s.b.l.DeferredLog [restartedMain] For additional web related logging consider setting the 'logging.level.web' property to 'DEBUG'
2024-12-04 13:52:21,858 INFO o.s.d.r.c.RepositoryConfigurationDelegate [restartedMain] Multiple Spring Data modules found, entering strict repository configuration mode
2024-12-04 13:52:21,859 INFO o.s.d.r.c.RepositoryConfigurationDelegate [restartedMain] Bootstrapping Spring Data JPA repositories in DEFAULT mode.
2024-12-04 13:52:21,984 INFO o.s.d.r.c.RepositoryConfigurationDelegate [restartedMain] Finished Spring Data repository scanning in 115 ms. Found 4 JPA repository interfaces.
2024-12-04 13:52:23,163 INFO o.s.b.w.e.t.TomcatWebServer [restartedMain] Tomcat initialized with port 8080 (http)
2024-12-04 13:52:23,173 INFO o.a.j.l.DirectJDKLog [restartedMain] Initializing ProtocolHandler ["http-nio-8080"]
2024-12-04 13:52:23,176 INFO o.a.j.l.DirectJDKLog [restartedMain] Starting service [Tomcat]
2024-12-04 13:52:23,176 INFO o.a.j.l.DirectJDKLog [restartedMain] Starting Servlet engine: [Apache Tomcat/10.1.33]
2024-12-04 13:52:23,247 INFO o.a.j.l.DirectJDKLog [restartedMain] Initializing Spring embedded WebApplicationContext
2024-12-04 13:52:23,248 INFO o.s.b.w.s.c.ServletWebServerApplicationContext [restartedMain] Root WebApplicationContext: initialization completed in 2222 ms
2024-12-04 13:52:23,388 INFO c.z.h.HikariDataSource [restartedMain] HikariPool-1 - Starting...
2024-12-04 13:52:23,580 INFO c.z.h.p.HikariPool [restartedMain] HikariPool-1 - Added connection conn0: url=jdbc:h2:file:./testdb user=USER
2024-12-04 13:52:23,581 INFO c.z.h.HikariDataSource [restartedMain] HikariPool-1 - Start completed.
2024-12-04 13:52:23,591 INFO o.s.b.a.h.H2ConsoleAutoConfiguration [restartedMain] H2 console available at '/h2-console'. Database available at 'jdbc:h2:file:./testdb'
2024-12-04 13:52:24,118 WARN o.h.e.j.d.i.DialectFactoryImpl [restartedMain] HHH90000025: H2Dialect does not need to be specified explicitly using 'hibernate.dialect' (remove the property setting and it will be selected by default)
2024-12-04 13:52:24,319 WARN o.h.i.UUIDHexGenerator [restartedMain] HHH000409: Using org.hibernate.id.UUIDHexGenerator which does not generate IETF RFC 4122 compliant UUID values; consider using org.hibernate.id.UUIDGenerator instead
2024-12-04 13:52:25,868 WARN o.s.b.a.o.j.JpaBaseConfiguration$JpaWebConfiguration [restartedMain] spring.jpa.open-in-view is enabled by default. Therefore, database queries may be performed during view rendering. Explicitly configure spring.jpa.open-in-view to disable this warning
2024-12-04 13:52:25,907 INFO o.s.b.a.w.s.WelcomePageHandlerMapping [restartedMain] Adding welcome page template: index
2024-12-04 13:52:27,007 INFO o.s.b.d.a.OptionalLiveReloadServer [restartedMain] LiveReload server is running on port 35729
2024-12-04 13:52:27,017 INFO o.s.b.a.e.w.EndpointLinksResolver [restartedMain] Exposing 1 endpoint beneath base path '/actuator'
2024-12-04 13:52:27,064 INFO o.a.j.l.DirectJDKLog [restartedMain] Starting ProtocolHandler ["http-nio-8080"]
2024-12-04 13:52:27,084 INFO o.s.b.w.e.t.TomcatWebServer [restartedMain] Tomcat started on port 8080 (http) with context path '/'
2024-12-04 13:52:27,100 INFO o.s.b.StartupInfoLogger [restartedMain] Started YipeeWebserverApplication in 6.668 seconds (process running for 7.436)
2024-12-04 13:52:33,623 INFO o.a.j.l.DirectJDKLog [http-nio-8080-exec-1] Initializing Spring DispatcherServlet 'dispatcherServlet'
2024-12-04 13:52:33,623 INFO o.s.w.s.FrameworkServlet [http-nio-8080-exec-1] Initializing Servlet 'dispatcherServlet'
2024-12-04 13:52:33,625 INFO o.s.w.s.FrameworkServlet [http-nio-8080-exec-1] Completed initialization in 1 ms
2024-12-04 13:52:48,806 WARN o.s.w.s.r.ResourceHttpRequestHandler [http-nio-8080-exec-9] "Path represents URL or has "url:" prefix: [http:/localhost/favicon.ico]"
2024-12-04 13:52:48,850 WARN o.s.w.s.r.ResourceHttpRequestHandler [http-nio-8080-exec-2] "Path represents URL or has "url:" prefix: [http:/localhost/favicon.ico]"
2024-12-04 14:00:21,690 INFO c.z.h.HikariDataSource [SpringApplicationShutdownHook] HikariPool-1 - Shutdown initiated...
2024-12-04 14:00:21,692 INFO c.z.h.HikariDataSource [SpringApplicationShutdownHook] HikariPool-1 - Shutdown completed.
